Build started 4/30/2011 9:13:49 PM.
     1>Project "E:\Programare procedurala\sem2\POO\tema M1U2 problema5\tema M1U2 problema5\tema M1U2 problema5.vcxproj" on node 2 (build target(s)).
     1>InitializeBuildStatus:
         Touching "Debug\tema M1U2 problema5.unsuccessfulbuild".
       ClCompile:
         All outputs are up-to-date.
         C:\Program Files (x86)\Microsoft Visual Studio 10.0\VC\bin\CL.exe /c /ZI /nologo /W3 /WX- /Od /Oy- /D WIN32 /D _DEBUG /D _CONSOLE /D _UNICODE /D UNICODE /Gm /EHsc /RTC1 /MDd /GS /fp:precise /Zc:wchar_t /Zc:forScope /Yu"StdAfx.h" /Fp"Debug\tema M1U2 problema5.pch" /Fo"Debug\\" /Fd"Debug\vc100.pdb" /Gd /TP /analyze- /errorReport:prompt "tema M1U2 problema5.cpp"
         tema M1U2 problema5.cpp
     1>e:\programare procedurala\sem2\poo\tema m1u2 problema5\tema m1u2 problema5\tema m1u2 problema5.cpp(121): warning C4996: 'getch': The POSIX name for this item is deprecated. Instead, use the ISO C++ conformant name: _getch. See online help for details.
                 c:\program files (x86)\microsoft visual studio 10.0\vc\include\conio.h(128) : see declaration of 'getch'
     1>e:\programare procedurala\sem2\poo\tema m1u2 problema5\tema m1u2 problema5\tema m1u2 problema5.cpp(178): warning C4996: 'getch': The POSIX name for this item is deprecated. Instead, use the ISO C++ conformant name: _getch. See online help for details.
                 c:\program files (x86)\microsoft visual studio 10.0\vc\include\conio.h(128) : see declaration of 'getch'
     1>e:\programare procedurala\sem2\poo\tema m1u2 problema5\tema m1u2 problema5\tema m1u2 problema5.cpp(110): warning C4101: 'inf' : unreferenced local variable
       ManifestResourceCompile:
         All outputs are up-to-date.
       Link:
         C:\Program Files (x86)\Microsoft Visual Studio 10.0\VC\bin\link.exe /ERRORREPORT:PROMPT /OUT:"E:\Programare procedurala\sem2\POO\tema M1U2 problema5\Debug\tema M1U2 problema5.exe" /INCREMENTAL /NOLOGO kernel32.lib user32.lib gdi32.lib winspool.lib comdlg32.lib advapi32.lib shell32.lib ole32.lib oleaut32.lib uuid.lib odbc32.lib odbccp32.lib /MANIFEST /ManifestFile:"Debug\tema M1U2 problema5.exe.intermediate.manifest" /MANIFESTUAC:"level='asInvoker' uiAccess='false'" /DEBUG /PDB:"E:\Programare procedurala\sem2\POO\tema M1U2 problema5\Debug\tema M1U2 problema5.pdb" /SUBSYSTEM:CONSOLE /TLBID:1 /DYNAMICBASE /NXCOMPAT /IMPLIB:"E:\Programare procedurala\sem2\POO\tema M1U2 problema5\Debug\tema M1U2 problema5.lib" /MACHINE:X86 "Debug\tema M1U2 problema5.exe.embed.manifest.res"
         Debug\stdafx.obj
         "Debug\tema M1U2 problema5.obj"
       Manifest:
         C:\Program Files (x86)\Microsoft SDKs\Windows\v7.0A\bin\mt.exe /nologo /verbose /out:"Debug\tema M1U2 problema5.exe.embed.manifest" /manifest "Debug\tema M1U2 problema5.exe.intermediate.manifest"
         All outputs are up-to-date.
       LinkEmbedManifest:
         All outputs are up-to-date.
         tema M1U2 problema5.vcxproj -> E:\Programare procedurala\sem2\POO\tema M1U2 problema5\Debug\tema M1U2 problema5.exe
       FinalizeBuildStatus:
         Deleting file "Debug\tema M1U2 problema5.unsuccessfulbuild".
         Touching "Debug\tema M1U2 problema5.lastbuildstate".
     1>Done Building Project "E:\Programare procedurala\sem2\POO\tema M1U2 problema5\tema M1U2 problema5\tema M1U2 problema5.vcxproj" (build target(s)).

Build succeeded.

Time Elapsed 00:00:00.62
