Build started 5/25/2011 8:04:53 PM.
     1>Project "E:\Programare procedurala\sem2\POO\Programe carte\Operati nr. complexe - structuri\Operati nr. complexe - structuri\Operati nr. complexe - structuri.vcxproj" on node 2 (build target(s)).
     1>InitializeBuildStatus:
         Creating "Debug\Operati nr. complexe - structuri.unsuccessfulbuild" because "AlwaysCreate" was specified.
       ClCompile:
         All outputs are up-to-date.
         C:\Program Files (x86)\Microsoft Visual Studio 10.0\VC\bin\CL.exe /c /ZI /nologo /W3 /WX- /Od /Oy- /D WIN32 /D _DEBUG /D _CONSOLE /D _UNICODE /D UNICODE /Gm /EHsc /RTC1 /MDd /GS /fp:precise /Zc:wchar_t /Zc:forScope /Yu"StdAfx.h" /Fp"Debug\Operati nr. complexe - structuri.pch" /Fo"Debug\\" /Fd"Debug\vc100.pdb" /Gd /TP /analyze- /errorReport:prompt "Operati nr. complexe - structuri.cpp"
         Operati nr. complexe - structuri.cpp
     1>e:\programare procedurala\sem2\poo\programe carte\operati nr. complexe - structuri\operati nr. complexe - structuri\operati nr. complexe - structuri.cpp(195): warning C4996: 'getch': The POSIX name for this item is deprecated. Instead, use the ISO C++ conformant name: _getch. See online help for details.
                 c:\program files (x86)\microsoft visual studio 10.0\vc\include\conio.h(128) : see declaration of 'getch'
     1>e:\programare procedurala\sem2\poo\programe carte\operati nr. complexe - structuri\operati nr. complexe - structuri\operati nr. complexe - structuri.cpp(81): warning C4717: 'operator==' : recursive on all control paths, function will cause runtime stack overflow
     1>e:\programare procedurala\sem2\poo\programe carte\operati nr. complexe - structuri\operati nr. complexe - structuri\operati nr. complexe - structuri.cpp(175): warning C4700: uninitialized local variable 'suma' used
       ManifestResourceCompile:
         All outputs are up-to-date.
       Link:
         C:\Program Files (x86)\Microsoft Visual Studio 10.0\VC\bin\link.exe /ERRORREPORT:PROMPT /OUT:"E:\Programare procedurala\sem2\POO\Programe carte\Operati nr. complexe - structuri\Debug\Operati nr. complexe - structuri.exe" /INCREMENTAL /NOLOGO kernel32.lib user32.lib gdi32.lib winspool.lib comdlg32.lib advapi32.lib shell32.lib ole32.lib oleaut32.lib uuid.lib odbc32.lib odbccp32.lib /MANIFEST /ManifestFile:"Debug\Operati nr. complexe - structuri.exe.intermediate.manifest" /MANIFESTUAC:"level='asInvoker' uiAccess='false'" /DEBUG /PDB:"E:\Programare procedurala\sem2\POO\Programe carte\Operati nr. complexe - structuri\Debug\Operati nr. complexe - structuri.pdb" /SUBSYSTEM:CONSOLE /TLBID:1 /DYNAMICBASE /NXCOMPAT /IMPLIB:"E:\Programare procedurala\sem2\POO\Programe carte\Operati nr. complexe - structuri\Debug\Operati nr. complexe - structuri.lib" /MACHINE:X86 "Debug\Operati nr. complexe - structuri.exe.embed.manifest.res"
         "Debug\Operati nr. complexe - structuri.obj"
         Debug\stdafx.obj
       Manifest:
         C:\Program Files (x86)\Microsoft SDKs\Windows\v7.0A\bin\mt.exe /nologo /verbose /out:"Debug\Operati nr. complexe - structuri.exe.embed.manifest" /manifest "Debug\Operati nr. complexe - structuri.exe.intermediate.manifest"
         All outputs are up-to-date.
       LinkEmbedManifest:
         All outputs are up-to-date.
         Operati nr. complexe - structuri.vcxproj -> E:\Programare procedurala\sem2\POO\Programe carte\Operati nr. complexe - structuri\Debug\Operati nr. complexe - structuri.exe
       FinalizeBuildStatus:
         Deleting file "Debug\Operati nr. complexe - structuri.unsuccessfulbuild".
         Touching "Debug\Operati nr. complexe - structuri.lastbuildstate".
     1>Done Building Project "E:\Programare procedurala\sem2\POO\Programe carte\Operati nr. complexe - structuri\Operati nr. complexe - structuri\Operati nr. complexe - structuri.vcxproj" (build target(s)).

Build succeeded.

Time Elapsed 00:00:00.75
