Build started 5/13/2011 3:09:29 PM.
     1>Project "E:\Programare procedurala\sem2\POO\programe carte\Partea intreaga si partea fractionara\Partea intreaga si partea fractionara\Partea intreaga si partea fractionara.vcxproj" on node 2 (build target(s)).
     1>InitializeBuildStatus:
         Creating "Debug\Partea intreaga si partea fractionara.unsuccessfulbuild" because "AlwaysCreate" was specified.
       ClCompile:
         All outputs are up-to-date.
         C:\Program Files (x86)\Microsoft Visual Studio 10.0\VC\bin\CL.exe /c /ZI /nologo /W3 /WX- /Od /Oy- /D WIN32 /D _DEBUG /D _CONSOLE /D _UNICODE /D UNICODE /Gm /EHsc /RTC1 /MDd /GS /fp:precise /Zc:wchar_t /Zc:forScope /Yu"StdAfx.h" /Fp"Debug\Partea intreaga si partea fractionara.pch" /Fo"Debug\\" /Fd"Debug\vc100.pdb" /Gd /TP /analyze- /errorReport:prompt "Partea intreaga si partea fractionara.cpp"
         Partea intreaga si partea fractionara.cpp
     1>e:\programare procedurala\sem2\poo\programe carte\partea intreaga si partea fractionara\partea intreaga si partea fractionara\partea intreaga si partea fractionara.cpp(21): warning C4996: 'getch': The POSIX name for this item is deprecated. Instead, use the ISO C++ conformant name: _getch. See online help for details.
                 c:\program files (x86)\microsoft visual studio 10.0\vc\include\conio.h(128) : see declaration of 'getch'
       ManifestResourceCompile:
         All outputs are up-to-date.
       Link:
         C:\Program Files (x86)\Microsoft Visual Studio 10.0\VC\bin\link.exe /ERRORREPORT:PROMPT /OUT:"E:\Programare procedurala\sem2\POO\programe carte\Partea intreaga si partea fractionara\Debug\Partea intreaga si partea fractionara.exe" /INCREMENTAL /NOLOGO kernel32.lib user32.lib gdi32.lib winspool.lib comdlg32.lib advapi32.lib shell32.lib ole32.lib oleaut32.lib uuid.lib odbc32.lib odbccp32.lib /MANIFEST /ManifestFile:"Debug\Partea intreaga si partea fractionara.exe.intermediate.manifest" /MANIFESTUAC:"level='asInvoker' uiAccess='false'" /DEBUG /PDB:"E:\Programare procedurala\sem2\POO\programe carte\Partea intreaga si partea fractionara\Debug\Partea intreaga si partea fractionara.pdb" /SUBSYSTEM:CONSOLE /TLBID:1 /DYNAMICBASE /NXCOMPAT /IMPLIB:"E:\Programare procedurala\sem2\POO\programe carte\Partea intreaga si partea fractionara\Debug\Partea intreaga si partea fractionara.lib" /MACHINE:X86 "Debug\Partea intreaga si partea fractionara.exe.embed.manifest.res"
         "Debug\Partea intreaga si partea fractionara.obj"
         Debug\stdafx.obj
       Manifest:
         C:\Program Files (x86)\Microsoft SDKs\Windows\v7.0A\bin\mt.exe /nologo /verbose /out:"Debug\Partea intreaga si partea fractionara.exe.embed.manifest" /manifest "Debug\Partea intreaga si partea fractionara.exe.intermediate.manifest"
         All outputs are up-to-date.
       LinkEmbedManifest:
         All outputs are up-to-date.
         Partea intreaga si partea fractionara.vcxproj -> E:\Programare procedurala\sem2\POO\programe carte\Partea intreaga si partea fractionara\Debug\Partea intreaga si partea fractionara.exe
       FinalizeBuildStatus:
         Deleting file "Debug\Partea intreaga si partea fractionara.unsuccessfulbuild".
         Touching "Debug\Partea intreaga si partea fractionara.lastbuildstate".
     1>Done Building Project "E:\Programare procedurala\sem2\POO\programe carte\Partea intreaga si partea fractionara\Partea intreaga si partea fractionara\Partea intreaga si partea fractionara.vcxproj" (build target(s)).

Build succeeded.

Time Elapsed 00:00:00.65
