Build started 6/3/2011 9:54:03 PM.
     1>Project "E:\Programare procedurala\sem2\Polinom\Polinom\Polinom.vcxproj" on node 2 (build target(s)).
     1>InitializeBuildStatus:
         Creating "Debug\Polinom.unsuccessfulbuild" because "AlwaysCreate" was specified.
       ClCompile:
         C:\Program Files (x86)\Microsoft Visual Studio 10.0\VC\bin\CL.exe /c /ZI /nologo /W3 /WX- /Od /Oy- /D WIN32 /D _DEBUG /D _CONSOLE /D _UNICODE /D UNICODE /Gm /EHsc /RTC1 /MDd /GS /fp:precise /Zc:wchar_t /Zc:forScope /Fo"Debug\\" /Fd"Debug\vc100.pdb" /Gd /TP /analyze- /errorReport:prompt Polinom.cpp
         Polinom.cpp
     1>e:\programare procedurala\sem2\polinom\polinom\polinom.cpp(233): warning C4996: 'getch': The POSIX name for this item is deprecated. Instead, use the ISO C++ conformant name: _getch. See online help for details.
                 c:\program files (x86)\microsoft visual studio 10.0\vc\include\conio.h(128) : see declaration of 'getch'
     1>e:\programare procedurala\sem2\polinom\polinom\polinom.cpp(286): warning C4552: '<' : operator has no effect; expected operator with side-effect
       ManifestResourceCompile:
         All outputs are up-to-date.
       Link:
         C:\Program Files (x86)\Microsoft Visual Studio 10.0\VC\bin\link.exe /ERRORREPORT:PROMPT /OUT:"E:\Programare procedurala\sem2\Polinom\Debug\Polinom.exe" /INCREMENTAL /NOLOGO kernel32.lib user32.lib gdi32.lib winspool.lib comdlg32.lib advapi32.lib shell32.lib ole32.lib oleaut32.lib uuid.lib odbc32.lib odbccp32.lib /MANIFEST /ManifestFile:"Debug\Polinom.exe.intermediate.manifest" /MANIFESTUAC:"level='asInvoker' uiAccess='false'" /DEBUG /PDB:"E:\Programare procedurala\sem2\Polinom\Debug\Polinom.pdb" /SUBSYSTEM:CONSOLE /TLBID:1 /DYNAMICBASE /NXCOMPAT /IMPLIB:"E:\Programare procedurala\sem2\Polinom\Debug\Polinom.lib" /MACHINE:X86 Debug\Polinom.exe.embed.manifest.res
         Debug\Polinom.obj
         Debug\stdafx.obj
       Manifest:
         C:\Program Files (x86)\Microsoft SDKs\Windows\v7.0A\bin\mt.exe /nologo /verbose /out:"Debug\Polinom.exe.embed.manifest" /manifest Debug\Polinom.exe.intermediate.manifest
         All outputs are up-to-date.
       LinkEmbedManifest:
         All outputs are up-to-date.
         Polinom.vcxproj -> E:\Programare procedurala\sem2\Polinom\Debug\Polinom.exe
       FinalizeBuildStatus:
         Deleting file "Debug\Polinom.unsuccessfulbuild".
         Touching "Debug\Polinom.lastbuildstate".
     1>Done Building Project "E:\Programare procedurala\sem2\Polinom\Polinom\Polinom.vcxproj" (build target(s)).

Build succeeded.

Time Elapsed 00:00:00.72
