Build started 3/17/2012 4:12:51 PM.
     1>Project "J:\Facultate\Anul II\Sem 2\Laborator2\Laborator2\Laborator2.vcxproj" on node 2 (build target(s)).
     1>InitializeBuildStatus:
         Creating "Debug\Laborator2.unsuccessfulbuild" because "AlwaysCreate" was specified.
       ClCompile:
         Deleting file "Debug\Laborator2.pch".
         C:\Program Files (x86)\Microsoft Visual Studio 10.0\VC\bin\CL.exe /c /ZI /nologo /W3 /WX- /Od /Oy- /D WIN32 /D _WINDOWS /D _DEBUG /D _MBCS /D _AFXDLL /Gm /EHsc /RTC1 /MDd /GS /fp:precise /Zc:wchar_t /Zc:forScope /Yc"StdAfx.h" /Fp"Debug\Laborator2.pch" /Fo"Debug\\" /Fd"Debug\vc100.pdb" /Gd /TP /analyze- /errorReport:prompt stdafx.cpp
         stdafx.cpp
         C:\Program Files (x86)\Microsoft Visual Studio 10.0\VC\bin\CL.exe /c /ZI /nologo /W3 /WX- /Od /Oy- /D WIN32 /D _WINDOWS /D _DEBUG /D _MBCS /D _AFXDLL /Gm /EHsc /RTC1 /MDd /GS /fp:precise /Zc:wchar_t /Zc:forScope /Yu"StdAfx.h" /Fp"Debug\Laborator2.pch" /Fo"Debug\\" /Fd"Debug\vc100.pdb" /Gd /TP /analyze- /errorReport:prompt Laborator2.cpp Laborator2Dlg.cpp
         Laborator2Dlg.cpp
     1>j:\facultate\anul ii\sem 2\laborator2\laborator2\laborator2dlg.cpp(111): warning C4244: 'argument' : conversion from 'time_t' to 'unsigned int', possible loss of data
         Laborator2.cpp
         Generating Code...
       ResourceCompile:
         C:\Program Files (x86)\Microsoft SDKs\Windows\v7.0A\bin\rc.exe /D _DEBUG /D _AFXDLL /l"0x0409" /IDebug\ /nologo /fo"Debug\Laborator2.res" Laborator2.rc 
       ManifestResourceCompile:
         C:\Program Files (x86)\Microsoft SDKs\Windows\v7.0A\bin\rc.exe /nologo /fo"Debug\Laborator2.exe.embed.manifest.res" Debug\Laborator2_manifest.rc 
       Link:
         C:\Program Files (x86)\Microsoft Visual Studio 10.0\VC\bin\link.exe /ERRORREPORT:PROMPT /OUT:"J:\Facultate\Anul II\Sem 2\Laborator2\Debug\Laborator2.exe" /INCREMENTAL /NOLOGO /MANIFEST /ManifestFile:"Debug\Laborator2.exe.intermediate.manifest" /MANIFESTUAC:"level='asInvoker' uiAccess='false'" /DEBUG /PDB:"J:\Facultate\Anul II\Sem 2\Laborator2\Debug\Laborator2.pdb" /SUBSYSTEM:WINDOWS /TLBID:1 /DYNAMICBASE /NXCOMPAT /IMPLIB:"J:\Facultate\Anul II\Sem 2\Laborator2\Debug\Laborator2.lib" /MACHINE:X86 Debug\Laborator2.res
         Debug\Laborator2.exe.embed.manifest.res
         Debug\Laborator2.obj
         Debug\Laborator2Dlg.obj
         Debug\stdafx.obj
       Manifest:
         C:\Program Files (x86)\Microsoft SDKs\Windows\v7.0A\bin\mt.exe /nologo /verbose /out:"Debug\Laborator2.exe.embed.manifest" /manifest Debug\Laborator2.exe.intermediate.manifest "C:\Program Files (x86)\Microsoft Visual Studio 10.0\VC\Include\Manifest\dpiaware.manifest"
         C:\Program Files (x86)\Microsoft SDKs\Windows\v7.0A\bin\rc.exe /nologo /fo"Debug\Laborator2.exe.embed.manifest.res" Debug\Laborator2_manifest.rc 
       LinkEmbedManifest:
         C:\Program Files (x86)\Microsoft Visual Studio 10.0\VC\bin\link.exe /ERRORREPORT:PROMPT /OUT:"J:\Facultate\Anul II\Sem 2\Laborator2\Debug\Laborator2.exe" /INCREMENTAL /NOLOGO /MANIFEST /ManifestFile:"Debug\Laborator2.exe.intermediate.manifest" /MANIFESTUAC:"level='asInvoker' uiAccess='false'" /DEBUG /PDB:"J:\Facultate\Anul II\Sem 2\Laborator2\Debug\Laborator2.pdb" /SUBSYSTEM:WINDOWS /TLBID:1 /DYNAMICBASE /NXCOMPAT /IMPLIB:"J:\Facultate\Anul II\Sem 2\Laborator2\Debug\Laborator2.lib" /MACHINE:X86 Debug\Laborator2.res
         Debug\Laborator2.exe.embed.manifest.res
         Debug\Laborator2.obj
         Debug\Laborator2Dlg.obj
         Debug\stdafx.obj
         Laborator2.vcxproj -> J:\Facultate\Anul II\Sem 2\Laborator2\Debug\Laborator2.exe
       FinalizeBuildStatus:
         Deleting file "Debug\Laborator2.unsuccessfulbuild".
         Touching "Debug\Laborator2.lastbuildstate".
     1>Done Building Project "J:\Facultate\Anul II\Sem 2\Laborator2\Laborator2\Laborator2.vcxproj" (build target(s)).

Build succeeded.

Time Elapsed 00:00:29.66
