Build started 5/13/2011 3:05:24 PM.
     1>Project "E:\Programare procedurala\sem2\POO\programe carte\Alocare memorie vector\Alocare memorie vector\Alocare memorie vector.vcxproj" on node 2 (build target(s)).
     1>PrepareForBuild:
         Creating directory "E:\Programare procedurala\sem2\POO\programe carte\Alocare memorie vector\Debug\".
       InitializeBuildStatus:
         Creating "Debug\Alocare memorie vector.unsuccessfulbuild" because "AlwaysCreate" was specified.
       ClCompile:
         C:\Program Files (x86)\Microsoft Visual Studio 10.0\VC\bin\CL.exe /c /ZI /nologo /W3 /WX- /Od /Oy- /D WIN32 /D _DEBUG /D _CONSOLE /D _UNICODE /D UNICODE /Gm /EHsc /RTC1 /MDd /GS /fp:precise /Zc:wchar_t /Zc:forScope /Yc"StdAfx.h" /Fp"Debug\Alocare memorie vector.pch" /Fo"Debug\\" /Fd"Debug\vc100.pdb" /Gd /TP /analyze- /errorReport:prompt stdafx.cpp
         stdafx.cpp
         C:\Program Files (x86)\Microsoft Visual Studio 10.0\VC\bin\CL.exe /c /ZI /nologo /W3 /WX- /Od /Oy- /D WIN32 /D _DEBUG /D _CONSOLE /D _UNICODE /D UNICODE /Gm /EHsc /RTC1 /MDd /GS /fp:precise /Zc:wchar_t /Zc:forScope /Yu"StdAfx.h" /Fp"Debug\Alocare memorie vector.pch" /Fo"Debug\\" /Fd"Debug\vc100.pdb" /Gd /TP /analyze- /errorReport:prompt "Alocare memorie vector.cpp"
         Alocare memorie vector.cpp
       ManifestResourceCompile:
         C:\Program Files (x86)\Microsoft SDKs\Windows\v7.0A\bin\rc.exe /nologo /fo"Debug\Alocare memorie vector.exe.embed.manifest.res" "Debug\Alocare memorie vector_manifest.rc" 
       Link:
         C:\Program Files (x86)\Microsoft Visual Studio 10.0\VC\bin\link.exe /ERRORREPORT:PROMPT /OUT:"E:\Programare procedurala\sem2\POO\programe carte\Alocare memorie vector\Debug\Alocare memorie vector.exe" /INCREMENTAL /NOLOGO kernel32.lib user32.lib gdi32.lib winspool.lib comdlg32.lib advapi32.lib shell32.lib ole32.lib oleaut32.lib uuid.lib odbc32.lib odbccp32.lib /MANIFEST /ManifestFile:"Debug\Alocare memorie vector.exe.intermediate.manifest" /MANIFESTUAC:"level='asInvoker' uiAccess='false'" /DEBUG /PDB:"E:\Programare procedurala\sem2\POO\programe carte\Alocare memorie vector\Debug\Alocare memorie vector.pdb" /SUBSYSTEM:CONSOLE /TLBID:1 /DYNAMICBASE /NXCOMPAT /IMPLIB:"E:\Programare procedurala\sem2\POO\programe carte\Alocare memorie vector\Debug\Alocare memorie vector.lib" /MACHINE:X86 "Debug\Alocare memorie vector.exe.embed.manifest.res"
         "Debug\Alocare memorie vector.obj"
         Debug\stdafx.obj
       Manifest:
         C:\Program Files (x86)\Microsoft SDKs\Windows\v7.0A\bin\mt.exe /nologo /verbose /out:"Debug\Alocare memorie vector.exe.embed.manifest" /manifest "Debug\Alocare memorie vector.exe.intermediate.manifest"
         C:\Program Files (x86)\Microsoft SDKs\Windows\v7.0A\bin\rc.exe /nologo /fo"Debug\Alocare memorie vector.exe.embed.manifest.res" "Debug\Alocare memorie vector_manifest.rc" 
       LinkEmbedManifest:
         C:\Program Files (x86)\Microsoft Visual Studio 10.0\VC\bin\link.exe /ERRORREPORT:PROMPT /OUT:"E:\Programare procedurala\sem2\POO\programe carte\Alocare memorie vector\Debug\Alocare memorie vector.exe" /INCREMENTAL /NOLOGO kernel32.lib user32.lib gdi32.lib winspool.lib comdlg32.lib advapi32.lib shell32.lib ole32.lib oleaut32.lib uuid.lib odbc32.lib odbccp32.lib /MANIFEST /ManifestFile:"Debug\Alocare memorie vector.exe.intermediate.manifest" /MANIFESTUAC:"level='asInvoker' uiAccess='false'" /DEBUG /PDB:"E:\Programare procedurala\sem2\POO\programe carte\Alocare memorie vector\Debug\Alocare memorie vector.pdb" /SUBSYSTEM:CONSOLE /TLBID:1 /DYNAMICBASE /NXCOMPAT /IMPLIB:"E:\Programare procedurala\sem2\POO\programe carte\Alocare memorie vector\Debug\Alocare memorie vector.lib" /MACHINE:X86 "Debug\Alocare memorie vector.exe.embed.manifest.res"
         "Debug\Alocare memorie vector.obj"
         Debug\stdafx.obj
         Alocare memorie vector.vcxproj -> E:\Programare procedurala\sem2\POO\programe carte\Alocare memorie vector\Debug\Alocare memorie vector.exe
       FinalizeBuildStatus:
         Deleting file "Debug\Alocare memorie vector.unsuccessfulbuild".
         Touching "Debug\Alocare memorie vector.lastbuildstate".
     1>Done Building Project "E:\Programare procedurala\sem2\POO\programe carte\Alocare memorie vector\Alocare memorie vector\Alocare memorie vector.vcxproj" (build target(s)).

Build succeeded.

Time Elapsed 00:00:01.08
