Build started 3/17/2012 4:18:05 PM.
     1>Project "J:\Facultate\Anul II\Sem 2\Imagini vizuale\Laborator 3 proiect 4\Laborator 3 proiect 4\Laborator 3 proiect 4.vcxproj" on node 2 (build target(s)).
     1>InitializeBuildStatus:
         Creating "Debug\Laborator 3 proiect 4.unsuccessfulbuild" because "AlwaysCreate" was specified.
       ClCompile:
         Deleting file "Debug\Laborator 3 proiect 4.pch".
         C:\Program Files (x86)\Microsoft Visual Studio 10.0\VC\bin\CL.exe /c /ZI /nologo /W3 /WX- /Od /Oy- /D WIN32 /D _WINDOWS /D _DEBUG /D _MBCS /D _AFXDLL /Gm /EHsc /RTC1 /MDd /GS /fp:precise /Zc:wchar_t /Zc:forScope /Yc"StdAfx.h" /Fp"Debug\Laborator 3 proiect 4.pch" /Fo"Debug\\" /Fd"Debug\vc100.pdb" /Gd /TP /analyze- /errorReport:prompt stdafx.cpp
         stdafx.cpp
         C:\Program Files (x86)\Microsoft Visual Studio 10.0\VC\bin\CL.exe /c /ZI /nologo /W3 /WX- /Od /Oy- /D WIN32 /D _WINDOWS /D _DEBUG /D _MBCS /D _AFXDLL /Gm /EHsc /RTC1 /MDd /GS /fp:precise /Zc:wchar_t /Zc:forScope /Yu"StdAfx.h" /Fp"Debug\Laborator 3 proiect 4.pch" /Fo"Debug\\" /Fd"Debug\vc100.pdb" /Gd /TP /analyze- /errorReport:prompt "Laborator 3 proiect 4.cpp" "Laborator 3 proiect 4Dlg.cpp"
         Laborator 3 proiect 4Dlg.cpp
         Laborator 3 proiect 4.cpp
         Generating Code...
       ResourceCompile:
         C:\Program Files (x86)\Microsoft SDKs\Windows\v7.0A\bin\rc.exe /D _DEBUG /D _AFXDLL /l"0x0409" /IDebug\ /nologo /fo"Debug\Laborator 3 proiect 4.res" "Laborator 3 proiect 4.rc" 
       ManifestResourceCompile:
         C:\Program Files (x86)\Microsoft SDKs\Windows\v7.0A\bin\rc.exe /nologo /fo"Debug\Laborator 3 proiect 4.exe.embed.manifest.res" "Debug\Laborator 3 proiect 4_manifest.rc" 
       Link:
         C:\Program Files (x86)\Microsoft Visual Studio 10.0\VC\bin\link.exe /ERRORREPORT:PROMPT /OUT:"J:\Facultate\Anul II\Sem 2\Imagini vizuale\Laborator 3 proiect 4\Debug\Laborator 3 proiect 4.exe" /INCREMENTAL /NOLOGO /MANIFEST /ManifestFile:"Debug\Laborator 3 proiect 4.exe.intermediate.manifest" /MANIFESTUAC:"level='asInvoker' uiAccess='false'" /DEBUG /PDB:"J:\Facultate\Anul II\Sem 2\Imagini vizuale\Laborator 3 proiect 4\Debug\Laborator 3 proiect 4.pdb" /SUBSYSTEM:WINDOWS /TLBID:1 /DYNAMICBASE /NXCOMPAT /IMPLIB:"J:\Facultate\Anul II\Sem 2\Imagini vizuale\Laborator 3 proiect 4\Debug\Laborator 3 proiect 4.lib" /MACHINE:X86 "Debug\Laborator 3 proiect 4.res"
         "Debug\Laborator 3 proiect 4.exe.embed.manifest.res"
         "Debug\Laborator 3 proiect 4.obj"
         "Debug\Laborator 3 proiect 4Dlg.obj"
         Debug\stdafx.obj
       Manifest:
         C:\Program Files (x86)\Microsoft SDKs\Windows\v7.0A\bin\mt.exe /nologo /verbose /out:"Debug\Laborator 3 proiect 4.exe.embed.manifest" /manifest "Debug\Laborator 3 proiect 4.exe.intermediate.manifest" "C:\Program Files (x86)\Microsoft Visual Studio 10.0\VC\Include\Manifest\dpiaware.manifest"
         C:\Program Files (x86)\Microsoft SDKs\Windows\v7.0A\bin\rc.exe /nologo /fo"Debug\Laborator 3 proiect 4.exe.embed.manifest.res" "Debug\Laborator 3 proiect 4_manifest.rc" 
       LinkEmbedManifest:
         C:\Program Files (x86)\Microsoft Visual Studio 10.0\VC\bin\link.exe /ERRORREPORT:PROMPT /OUT:"J:\Facultate\Anul II\Sem 2\Imagini vizuale\Laborator 3 proiect 4\Debug\Laborator 3 proiect 4.exe" /INCREMENTAL /NOLOGO /MANIFEST /ManifestFile:"Debug\Laborator 3 proiect 4.exe.intermediate.manifest" /MANIFESTUAC:"level='asInvoker' uiAccess='false'" /DEBUG /PDB:"J:\Facultate\Anul II\Sem 2\Imagini vizuale\Laborator 3 proiect 4\Debug\Laborator 3 proiect 4.pdb" /SUBSYSTEM:WINDOWS /TLBID:1 /DYNAMICBASE /NXCOMPAT /IMPLIB:"J:\Facultate\Anul II\Sem 2\Imagini vizuale\Laborator 3 proiect 4\Debug\Laborator 3 proiect 4.lib" /MACHINE:X86 "Debug\Laborator 3 proiect 4.res"
         "Debug\Laborator 3 proiect 4.exe.embed.manifest.res"
         "Debug\Laborator 3 proiect 4.obj"
         "Debug\Laborator 3 proiect 4Dlg.obj"
         Debug\stdafx.obj
         Laborator 3 proiect 4.vcxproj -> J:\Facultate\Anul II\Sem 2\Imagini vizuale\Laborator 3 proiect 4\Debug\Laborator 3 proiect 4.exe
       FinalizeBuildStatus:
         Deleting file "Debug\Laborator 3 proiect 4.unsuccessfulbuild".
         Touching "Debug\Laborator 3 proiect 4.lastbuildstate".
     1>Done Building Project "J:\Facultate\Anul II\Sem 2\Imagini vizuale\Laborator 3 proiect 4\Laborator 3 proiect 4\Laborator 3 proiect 4.vcxproj" (build target(s)).

Build succeeded.

Time Elapsed 00:00:14.78
