Build started 09/12/2011 8:30:42 PM.
     1>Project "C:\Users\Oly\Desktop\Tema 3 - Automate finite deterministe\Tema 3 - Automate finite deterministe\Tema 3 - Automate finite deterministe.vcxproj" on node 2 (build target(s)).
     1>PrepareForBuild:
         Creating directory "C:\Users\Oly\Desktop\Tema 3 - Automate finite deterministe\Debug\".
       InitializeBuildStatus:
         Creating "Debug\Tema 3 - Automate finite deterministe.unsuccessfulbuild" because "AlwaysCreate" was specified.
       ClCompile:
         C:\Program Files (x86)\Microsoft Visual Studio 10.0\VC\bin\CL.exe /c /ZI /nologo /W3 /WX- /Od /Oy- /D WIN32 /D _DEBUG /D _CONSOLE /D _UNICODE /D UNICODE /Gm /EHsc /RTC1 /MDd /GS /fp:precise /Zc:wchar_t /Zc:forScope /Yc"StdAfx.h" /Fp"Debug\Tema 3 - Automate finite deterministe.pch" /Fo"Debug\\" /Fd"Debug\vc100.pdb" /Gd /TP /analyze- /errorReport:prompt stdafx.cpp
         stdafx.cpp
         C:\Program Files (x86)\Microsoft Visual Studio 10.0\VC\bin\CL.exe /c /ZI /nologo /W3 /WX- /Od /Oy- /D WIN32 /D _DEBUG /D _CONSOLE /D _UNICODE /D UNICODE /Gm /EHsc /RTC1 /MDd /GS /fp:precise /Zc:wchar_t /Zc:forScope /Yu"StdAfx.h" /Fp"Debug\Tema 3 - Automate finite deterministe.pch" /Fo"Debug\\" /Fd"Debug\vc100.pdb" /Gd /TP /analyze- /errorReport:prompt "Tema 3 - Automate finite deterministe.cpp"
         Tema 3 - Automate finite deterministe.cpp
     1>c:\users\oly\desktop\tema 3 - automate finite deterministe\tema 3 - automate finite deterministe\tema 3 - automate finite deterministe.cpp(83): warning C4996: 'getch': The POSIX name for this item is deprecated. Instead, use the ISO C++ conformant name: _getch. See online help for details.
                 c:\program files (x86)\microsoft visual studio 10.0\vc\include\conio.h(128) : see declaration of 'getch'
       ManifestResourceCompile:
         C:\Program Files (x86)\Microsoft SDKs\Windows\v7.0A\bin\rc.exe /nologo /fo"Debug\Tema 3 - Automate finite deterministe.exe.embed.manifest.res" "Debug\Tema 3 - Automate finite deterministe_manifest.rc" 
       Link:
         C:\Program Files (x86)\Microsoft Visual Studio 10.0\VC\bin\link.exe /ERRORREPORT:PROMPT /OUT:"C:\Users\Oly\Desktop\Tema 3 - Automate finite deterministe\Debug\Tema 3 - Automate finite deterministe.exe" /INCREMENTAL /NOLOGO kernel32.lib user32.lib gdi32.lib winspool.lib comdlg32.lib advapi32.lib shell32.lib ole32.lib oleaut32.lib uuid.lib odbc32.lib odbccp32.lib /MANIFEST /ManifestFile:"Debug\Tema 3 - Automate finite deterministe.exe.intermediate.manifest" /MANIFESTUAC:"level='asInvoker' uiAccess='false'" /DEBUG /PDB:"C:\Users\Oly\Desktop\Tema 3 - Automate finite deterministe\Debug\Tema 3 - Automate finite deterministe.pdb" /SUBSYSTEM:CONSOLE /TLBID:1 /DYNAMICBASE /NXCOMPAT /IMPLIB:"C:\Users\Oly\Desktop\Tema 3 - Automate finite deterministe\Debug\Tema 3 - Automate finite deterministe.lib" /MACHINE:X86 "Debug\Tema 3 - Automate finite deterministe.exe.embed.manifest.res"
         Debug\stdafx.obj
         "Debug\Tema 3 - Automate finite deterministe.obj"
       Manifest:
         C:\Program Files (x86)\Microsoft SDKs\Windows\v7.0A\bin\mt.exe /nologo /verbose /out:"Debug\Tema 3 - Automate finite deterministe.exe.embed.manifest" /manifest "Debug\Tema 3 - Automate finite deterministe.exe.intermediate.manifest"
         C:\Program Files (x86)\Microsoft SDKs\Windows\v7.0A\bin\rc.exe /nologo /fo"Debug\Tema 3 - Automate finite deterministe.exe.embed.manifest.res" "Debug\Tema 3 - Automate finite deterministe_manifest.rc" 
       LinkEmbedManifest:
         C:\Program Files (x86)\Microsoft Visual Studio 10.0\VC\bin\link.exe /ERRORREPORT:PROMPT /OUT:"C:\Users\Oly\Desktop\Tema 3 - Automate finite deterministe\Debug\Tema 3 - Automate finite deterministe.exe" /INCREMENTAL /NOLOGO kernel32.lib user32.lib gdi32.lib winspool.lib comdlg32.lib advapi32.lib shell32.lib ole32.lib oleaut32.lib uuid.lib odbc32.lib odbccp32.lib /MANIFEST /ManifestFile:"Debug\Tema 3 - Automate finite deterministe.exe.intermediate.manifest" /MANIFESTUAC:"level='asInvoker' uiAccess='false'" /DEBUG /PDB:"C:\Users\Oly\Desktop\Tema 3 - Automate finite deterministe\Debug\Tema 3 - Automate finite deterministe.pdb" /SUBSYSTEM:CONSOLE /TLBID:1 /DYNAMICBASE /NXCOMPAT /IMPLIB:"C:\Users\Oly\Desktop\Tema 3 - Automate finite deterministe\Debug\Tema 3 - Automate finite deterministe.lib" /MACHINE:X86 "Debug\Tema 3 - Automate finite deterministe.exe.embed.manifest.res"
         Debug\stdafx.obj
         "Debug\Tema 3 - Automate finite deterministe.obj"
         Tema 3 - Automate finite deterministe.vcxproj -> C:\Users\Oly\Desktop\Tema 3 - Automate finite deterministe\Debug\Tema 3 - Automate finite deterministe.exe
       FinalizeBuildStatus:
         Deleting file "Debug\Tema 3 - Automate finite deterministe.unsuccessfulbuild".
         Touching "Debug\Tema 3 - Automate finite deterministe.lastbuildstate".
     1>Done Building Project "C:\Users\Oly\Desktop\Tema 3 - Automate finite deterministe\Tema 3 - Automate finite deterministe\Tema 3 - Automate finite deterministe.vcxproj" (build target(s)).

Build succeeded.

Time Elapsed 00:00:04.63
