Build started 4/30/2011 2:51:41 PM.
     1>Project "E:\Programare procedurala\sem2\POO\Tema M1U2 problema3\Tema M1U2 problema3\Tema M1U2 problema3.vcxproj" on node 2 (build target(s)).
     1>InitializeBuildStatus:
         Creating "Debug\Tema M1U2 problema3.unsuccessfulbuild" because "AlwaysCreate" was specified.
       ClCompile:
         All outputs are up-to-date.
         C:\Program Files (x86)\Microsoft Visual Studio 10.0\VC\bin\CL.exe /c /ZI /nologo /W3 /WX- /Od /Oy- /D WIN32 /D _DEBUG /D _CONSOLE /D _UNICODE /D UNICODE /Gm /EHsc /RTC1 /MDd /GS /fp:precise /Zc:wchar_t /Zc:forScope /Yu"StdAfx.h" /Fp"Debug\Tema M1U2 problema3.pch" /Fo"Debug\\" /Fd"Debug\vc100.pdb" /Gd /TP /analyze- /errorReport:prompt "Tema M1U2 problema3.cpp"
         Tema M1U2 problema3.cpp
     1>e:\programare procedurala\sem2\poo\tema m1u2 problema3\tema m1u2 problema3\tema m1u2 problema3.cpp(24): warning C4018: '<' : signed/unsigned mismatch
     1>e:\programare procedurala\sem2\poo\tema m1u2 problema3\tema m1u2 problema3\tema m1u2 problema3.cpp(27): warning C4018: '<' : signed/unsigned mismatch
     1>e:\programare procedurala\sem2\poo\tema m1u2 problema3\tema m1u2 problema3\tema m1u2 problema3.cpp(28): warning C4018: '<' : signed/unsigned mismatch
     1>e:\programare procedurala\sem2\poo\tema m1u2 problema3\tema m1u2 problema3\tema m1u2 problema3.cpp(31): warning C4018: '<' : signed/unsigned mismatch
     1>e:\programare procedurala\sem2\poo\tema m1u2 problema3\tema m1u2 problema3\tema m1u2 problema3.cpp(32): warning C4018: '<' : signed/unsigned mismatch
     1>e:\programare procedurala\sem2\poo\tema m1u2 problema3\tema m1u2 problema3\tema m1u2 problema3.cpp(33): warning C4018: '<' : signed/unsigned mismatch
     1>e:\programare procedurala\sem2\poo\tema m1u2 problema3\tema m1u2 problema3\tema m1u2 problema3.cpp(39): warning C4018: '<' : signed/unsigned mismatch
     1>e:\programare procedurala\sem2\poo\tema m1u2 problema3\tema m1u2 problema3\tema m1u2 problema3.cpp(40): warning C4018: '<' : signed/unsigned mismatch
     1>e:\programare procedurala\sem2\poo\tema m1u2 problema3\tema m1u2 problema3\tema m1u2 problema3.cpp(41): warning C4018: '<' : signed/unsigned mismatch
     1>e:\programare procedurala\sem2\poo\tema m1u2 problema3\tema m1u2 problema3\tema m1u2 problema3.cpp(44): warning C4996: 'getch': The POSIX name for this item is deprecated. Instead, use the ISO C++ conformant name: _getch. See online help for details.
                 c:\program files (x86)\microsoft visual studio 10.0\vc\include\conio.h(128) : see declaration of 'getch'
       ManifestResourceCompile:
         All outputs are up-to-date.
       Link:
         C:\Program Files (x86)\Microsoft Visual Studio 10.0\VC\bin\link.exe /ERRORREPORT:PROMPT /OUT:"E:\Programare procedurala\sem2\POO\Tema M1U2 problema3\Debug\Tema M1U2 problema3.exe" /INCREMENTAL /NOLOGO kernel32.lib user32.lib gdi32.lib winspool.lib comdlg32.lib advapi32.lib shell32.lib ole32.lib oleaut32.lib uuid.lib odbc32.lib odbccp32.lib /MANIFEST /ManifestFile:"Debug\Tema M1U2 problema3.exe.intermediate.manifest" /MANIFESTUAC:"level='asInvoker' uiAccess='false'" /DEBUG /PDB:"E:\Programare procedurala\sem2\POO\Tema M1U2 problema3\Debug\Tema M1U2 problema3.pdb" /SUBSYSTEM:CONSOLE /TLBID:1 /DYNAMICBASE /NXCOMPAT /IMPLIB:"E:\Programare procedurala\sem2\POO\Tema M1U2 problema3\Debug\Tema M1U2 problema3.lib" /MACHINE:X86 "Debug\Tema M1U2 problema3.exe.embed.manifest.res"
         Debug\stdafx.obj
         "Debug\Tema M1U2 problema3.obj"
       Manifest:
         C:\Program Files (x86)\Microsoft SDKs\Windows\v7.0A\bin\mt.exe /nologo /verbose /out:"Debug\Tema M1U2 problema3.exe.embed.manifest" /manifest "Debug\Tema M1U2 problema3.exe.intermediate.manifest"
         All outputs are up-to-date.
       LinkEmbedManifest:
         All outputs are up-to-date.
         Tema M1U2 problema3.vcxproj -> E:\Programare procedurala\sem2\POO\Tema M1U2 problema3\Debug\Tema M1U2 problema3.exe
       FinalizeBuildStatus:
         Deleting file "Debug\Tema M1U2 problema3.unsuccessfulbuild".
         Touching "Debug\Tema M1U2 problema3.lastbuildstate".
     1>Done Building Project "E:\Programare procedurala\sem2\POO\Tema M1U2 problema3\Tema M1U2 problema3\Tema M1U2 problema3.vcxproj" (build target(s)).

Build succeeded.

Time Elapsed 00:00:00.69
