Build started 08.12.2011 23:09:30.
     1>Project "E:\Facultate\Anul II\Limbaje formale si teoria automatelor\Tema 2 - Markov\Tema 2 - Markov\Tema 2 - Markov.vcxproj" on node 2 (build target(s)).
     1>InitializeBuildStatus:
         Touching "Debug\Tema 2 - Markov.unsuccessfulbuild".
       ClCompile:
         All outputs are up-to-date.
         C:\Program Files (x86)\Microsoft Visual Studio 10.0\VC\bin\CL.exe /c /ZI /nologo /W3 /WX- /Od /Oy- /D WIN32 /D _DEBUG /D _CONSOLE /D _UNICODE /D UNICODE /Gm /EHsc /RTC1 /MDd /GS /fp:precise /Zc:wchar_t /Zc:forScope /Yu"StdAfx.h" /Fp"Debug\Tema 2 - Markov.pch" /Fo"Debug\\" /Fd"Debug\vc100.pdb" /Gd /TP /analyze- /errorReport:prompt "Tema 2 - Markov.cpp"
         Tema 2 - Markov.cpp
     1>e:\facultate\anul ii\limbaje formale si teoria automatelor\tema 2 - markov\tema 2 - markov\tema 2 - markov.cpp(23): warning C4996: 'strcpy': This function or variable may be unsafe. Consider using strcpy_s instead. To disable deprecation, use _CRT_SECURE_NO_WARNINGS. See online help for details.
                 c:\program files (x86)\microsoft visual studio 10.0\vc\include\string.h(105) : see declaration of 'strcpy'
     1>e:\facultate\anul ii\limbaje formale si teoria automatelor\tema 2 - markov\tema 2 - markov\tema 2 - markov.cpp(24): warning C4996: 'strncpy': This function or variable may be unsafe. Consider using strncpy_s instead. To disable deprecation, use _CRT_SECURE_NO_WARNINGS. See online help for details.
                 c:\program files (x86)\microsoft visual studio 10.0\vc\include\string.h(188) : see declaration of 'strncpy'
     1>e:\facultate\anul ii\limbaje formale si teoria automatelor\tema 2 - markov\tema 2 - markov\tema 2 - markov.cpp(26): warning C4996: 'strcat': This function or variable may be unsafe. Consider using strcat_s instead. To disable deprecation, use _CRT_SECURE_NO_WARNINGS. See online help for details.
                 c:\program files (x86)\microsoft visual studio 10.0\vc\include\string.h(110) : see declaration of 'strcat'
     1>e:\facultate\anul ii\limbaje formale si teoria automatelor\tema 2 - markov\tema 2 - markov\tema 2 - markov.cpp(27): warning C4018: '<' : signed/unsigned mismatch
     1>e:\facultate\anul ii\limbaje formale si teoria automatelor\tema 2 - markov\tema 2 - markov\tema 2 - markov.cpp(29): warning C4996: 'strcat': This function or variable may be unsafe. Consider using strcat_s instead. To disable deprecation, use _CRT_SECURE_NO_WARNINGS. See online help for details.
                 c:\program files (x86)\microsoft visual studio 10.0\vc\include\string.h(110) : see declaration of 'strcat'
     1>e:\facultate\anul ii\limbaje formale si teoria automatelor\tema 2 - markov\tema 2 - markov\tema 2 - markov.cpp(83): warning C4996: 'strcpy': This function or variable may be unsafe. Consider using strcpy_s instead. To disable deprecation, use _CRT_SECURE_NO_WARNINGS. See online help for details.
                 c:\program files (x86)\microsoft visual studio 10.0\vc\include\string.h(105) : see declaration of 'strcpy'
     1>e:\facultate\anul ii\limbaje formale si teoria automatelor\tema 2 - markov\tema 2 - markov\tema 2 - markov.cpp(96): warning C4996: 'getch': The POSIX name for this item is deprecated. Instead, use the ISO C++ conformant name: _getch. See online help for details.
                 c:\program files (x86)\microsoft visual studio 10.0\vc\include\conio.h(128) : see declaration of 'getch'
       ManifestResourceCompile:
         All outputs are up-to-date.
       Link:
         C:\Program Files (x86)\Microsoft Visual Studio 10.0\VC\bin\link.exe /ERRORREPORT:PROMPT /OUT:"E:\Facultate\Anul II\Limbaje formale si teoria automatelor\Tema 2 - Markov\Debug\Tema 2 - Markov.exe" /INCREMENTAL /NOLOGO kernel32.lib user32.lib gdi32.lib winspool.lib comdlg32.lib advapi32.lib shell32.lib ole32.lib oleaut32.lib uuid.lib odbc32.lib odbccp32.lib /MANIFEST /ManifestFile:"Debug\Tema 2 - Markov.exe.intermediate.manifest" /MANIFESTUAC:"level='asInvoker' uiAccess='false'" /DEBUG /PDB:"E:\Facultate\Anul II\Limbaje formale si teoria automatelor\Tema 2 - Markov\Debug\Tema 2 - Markov.pdb" /SUBSYSTEM:CONSOLE /TLBID:1 /DYNAMICBASE /NXCOMPAT /IMPLIB:"E:\Facultate\Anul II\Limbaje formale si teoria automatelor\Tema 2 - Markov\Debug\Tema 2 - Markov.lib" /MACHINE:X86 "Debug\Tema 2 - Markov.exe.embed.manifest.res"
         Debug\stdafx.obj
         "Debug\Tema 2 - Markov.obj"
       Manifest:
         C:\Program Files (x86)\Microsoft SDKs\Windows\v7.0A\bin\mt.exe /nologo /verbose /out:"Debug\Tema 2 - Markov.exe.embed.manifest" /manifest "Debug\Tema 2 - Markov.exe.intermediate.manifest"
         All outputs are up-to-date.
       LinkEmbedManifest:
         All outputs are up-to-date.
         Tema 2 - Markov.vcxproj -> E:\Facultate\Anul II\Limbaje formale si teoria automatelor\Tema 2 - Markov\Debug\Tema 2 - Markov.exe
       FinalizeBuildStatus:
         Deleting file "Debug\Tema 2 - Markov.unsuccessfulbuild".
         Touching "Debug\Tema 2 - Markov.lastbuildstate".
     1>Done Building Project "E:\Facultate\Anul II\Limbaje formale si teoria automatelor\Tema 2 - Markov\Tema 2 - Markov\Tema 2 - Markov.vcxproj" (build target(s)).

Build succeeded.

Time Elapsed 00:00:00.69
