Build started 08.12.2011 21:45:01.
     1>Project "E:\Facultate\Anul II\Limbaje formale si teoria automatelor\Tema 2 - Markov V2\Tema 2 - Markov V2\Tema 2 - Markov V2.vcxproj" on node 2 (build target(s)).
     1>PrepareForBuild:
         Creating directory "E:\Facultate\Anul II\Limbaje formale si teoria automatelor\Tema 2 - Markov V2\Debug\".
       InitializeBuildStatus:
         Creating "Debug\Tema 2 - Markov V2.unsuccessfulbuild" because "AlwaysCreate" was specified.
       ClCompile:
         C:\Program Files (x86)\Microsoft Visual Studio 10.0\VC\bin\CL.exe /c /ZI /nologo /W3 /WX- /Od /Oy- /D WIN32 /D _DEBUG /D _CONSOLE /D _UNICODE /D UNICODE /Gm /EHsc /RTC1 /MDd /GS /fp:precise /Zc:wchar_t /Zc:forScope /Yc"StdAfx.h" /Fp"Debug\Tema 2 - Markov V2.pch" /Fo"Debug\\" /Fd"Debug\vc100.pdb" /Gd /TP /analyze- /errorReport:prompt stdafx.cpp
         stdafx.cpp
         C:\Program Files (x86)\Microsoft Visual Studio 10.0\VC\bin\CL.exe /c /ZI /nologo /W3 /WX- /Od /Oy- /D WIN32 /D _DEBUG /D _CONSOLE /D _UNICODE /D UNICODE /Gm /EHsc /RTC1 /MDd /GS /fp:precise /Zc:wchar_t /Zc:forScope /Yu"StdAfx.h" /Fp"Debug\Tema 2 - Markov V2.pch" /Fo"Debug\\" /Fd"Debug\vc100.pdb" /Gd /TP /analyze- /errorReport:prompt "Tema 2 - Markov V2.cpp"
         Tema 2 - Markov V2.cpp
     1>e:\facultate\anul ii\limbaje formale si teoria automatelor\tema 2 - markov v2\tema 2 - markov v2\tema 2 - markov v2.cpp(62): warning C4551: function call missing argument list
     1>e:\facultate\anul ii\limbaje formale si teoria automatelor\tema 2 - markov v2\tema 2 - markov v2\tema 2 - markov v2.cpp(64): warning C4996: 'getch': The POSIX name for this item is deprecated. Instead, use the ISO C++ conformant name: _getch. See online help for details.
                 c:\program files (x86)\microsoft visual studio 10.0\vc\include\conio.h(128) : see declaration of 'getch'
       ManifestResourceCompile:
         C:\Program Files (x86)\Microsoft SDKs\Windows\v7.0A\bin\rc.exe /nologo /fo"Debug\Tema 2 - Markov V2.exe.embed.manifest.res" "Debug\Tema 2 - Markov V2_manifest.rc" 
       Link:
         C:\Program Files (x86)\Microsoft Visual Studio 10.0\VC\bin\link.exe /ERRORREPORT:PROMPT /OUT:"E:\Facultate\Anul II\Limbaje formale si teoria automatelor\Tema 2 - Markov V2\Debug\Tema 2 - Markov V2.exe" /INCREMENTAL /NOLOGO kernel32.lib user32.lib gdi32.lib winspool.lib comdlg32.lib advapi32.lib shell32.lib ole32.lib oleaut32.lib uuid.lib odbc32.lib odbccp32.lib /MANIFEST /ManifestFile:"Debug\Tema 2 - Markov V2.exe.intermediate.manifest" /MANIFESTUAC:"level='asInvoker' uiAccess='false'" /DEBUG /PDB:"E:\Facultate\Anul II\Limbaje formale si teoria automatelor\Tema 2 - Markov V2\Debug\Tema 2 - Markov V2.pdb" /SUBSYSTEM:CONSOLE /TLBID:1 /DYNAMICBASE /NXCOMPAT /IMPLIB:"E:\Facultate\Anul II\Limbaje formale si teoria automatelor\Tema 2 - Markov V2\Debug\Tema 2 - Markov V2.lib" /MACHINE:X86 "Debug\Tema 2 - Markov V2.exe.embed.manifest.res"
         Debug\stdafx.obj
         "Debug\Tema 2 - Markov V2.obj"
       Manifest:
         C:\Program Files (x86)\Microsoft SDKs\Windows\v7.0A\bin\mt.exe /nologo /verbose /out:"Debug\Tema 2 - Markov V2.exe.embed.manifest" /manifest "Debug\Tema 2 - Markov V2.exe.intermediate.manifest"
         C:\Program Files (x86)\Microsoft SDKs\Windows\v7.0A\bin\rc.exe /nologo /fo"Debug\Tema 2 - Markov V2.exe.embed.manifest.res" "Debug\Tema 2 - Markov V2_manifest.rc" 
       LinkEmbedManifest:
         C:\Program Files (x86)\Microsoft Visual Studio 10.0\VC\bin\link.exe /ERRORREPORT:PROMPT /OUT:"E:\Facultate\Anul II\Limbaje formale si teoria automatelor\Tema 2 - Markov V2\Debug\Tema 2 - Markov V2.exe" /INCREMENTAL /NOLOGO kernel32.lib user32.lib gdi32.lib winspool.lib comdlg32.lib advapi32.lib shell32.lib ole32.lib oleaut32.lib uuid.lib odbc32.lib odbccp32.lib /MANIFEST /ManifestFile:"Debug\Tema 2 - Markov V2.exe.intermediate.manifest" /MANIFESTUAC:"level='asInvoker' uiAccess='false'" /DEBUG /PDB:"E:\Facultate\Anul II\Limbaje formale si teoria automatelor\Tema 2 - Markov V2\Debug\Tema 2 - Markov V2.pdb" /SUBSYSTEM:CONSOLE /TLBID:1 /DYNAMICBASE /NXCOMPAT /IMPLIB:"E:\Facultate\Anul II\Limbaje formale si teoria automatelor\Tema 2 - Markov V2\Debug\Tema 2 - Markov V2.lib" /MACHINE:X86 "Debug\Tema 2 - Markov V2.exe.embed.manifest.res"
         Debug\stdafx.obj
         "Debug\Tema 2 - Markov V2.obj"
         Tema 2 - Markov V2.vcxproj -> E:\Facultate\Anul II\Limbaje formale si teoria automatelor\Tema 2 - Markov V2\Debug\Tema 2 - Markov V2.exe
       FinalizeBuildStatus:
         Deleting file "Debug\Tema 2 - Markov V2.unsuccessfulbuild".
         Touching "Debug\Tema 2 - Markov V2.lastbuildstate".
     1>Done Building Project "E:\Facultate\Anul II\Limbaje formale si teoria automatelor\Tema 2 - Markov V2\Tema 2 - Markov V2\Tema 2 - Markov V2.vcxproj" (build target(s)).

Build succeeded.

Time Elapsed 00:00:01.46
