Build started 07.12.2011 22:50:10.
     1>Project "E:\Facultate\Anul II\Limbaje formale si teoria automatelor\Tema 1 - problema 3 V2\Tema 1 - problema 3 V2\Tema 1 - problema 3 V2.vcxproj" on node 2 (build target(s)).
     1>InitializeBuildStatus:
         Creating "Debug\Tema 1 - problema 3 V2.unsuccessfulbuild" because "AlwaysCreate" was specified.
       ClCompile:
         All outputs are up-to-date.
         C:\Program Files (x86)\Microsoft Visual Studio 10.0\VC\bin\CL.exe /c /ZI /nologo /W3 /WX- /Od /Oy- /D WIN32 /D _DEBUG /D _CONSOLE /D _UNICODE /D UNICODE /Gm /EHsc /RTC1 /MDd /GS /fp:precise /Zc:wchar_t /Zc:forScope /Yu"StdAfx.h" /Fp"Debug\Tema 1 - problema 3 V2.pch" /Fo"Debug\\" /Fd"Debug\vc100.pdb" /Gd /TP /analyze- /errorReport:prompt "Tema 1 - problema 3 V2.cpp"
         Tema 1 - problema 3 V2.cpp
     1>e:\facultate\anul ii\limbaje formale si teoria automatelor\tema 1 - problema 3 v2\tema 1 - problema 3 v2\tema 1 - problema 3 v2.cpp(19): warning C4996: 'gets': This function or variable may be unsafe. Consider using gets_s instead. To disable deprecation, use _CRT_SECURE_NO_WARNINGS. See online help for details.
                 c:\program files (x86)\microsoft visual studio 10.0\vc\include\stdio.h(277) : see declaration of 'gets'
     1>e:\facultate\anul ii\limbaje formale si teoria automatelor\tema 1 - problema 3 v2\tema 1 - problema 3 v2\tema 1 - problema 3 v2.cpp(21): warning C4018: '<' : signed/unsigned mismatch
     1>e:\facultate\anul ii\limbaje formale si teoria automatelor\tema 1 - problema 3 v2\tema 1 - problema 3 v2\tema 1 - problema 3 v2.cpp(29): warning C4996: 'getch': The POSIX name for this item is deprecated. Instead, use the ISO C++ conformant name: _getch. See online help for details.
                 c:\program files (x86)\microsoft visual studio 10.0\vc\include\conio.h(128) : see declaration of 'getch'
       ManifestResourceCompile:
         All outputs are up-to-date.
       Link:
         C:\Program Files (x86)\Microsoft Visual Studio 10.0\VC\bin\link.exe /ERRORREPORT:PROMPT /OUT:"E:\Facultate\Anul II\Limbaje formale si teoria automatelor\Tema 1 - problema 3 V2\Debug\Tema 1 - problema 3 V2.exe" /INCREMENTAL /NOLOGO kernel32.lib user32.lib gdi32.lib winspool.lib comdlg32.lib advapi32.lib shell32.lib ole32.lib oleaut32.lib uuid.lib odbc32.lib odbccp32.lib /MANIFEST /ManifestFile:"Debug\Tema 1 - problema 3 V2.exe.intermediate.manifest" /MANIFESTUAC:"level='asInvoker' uiAccess='false'" /DEBUG /PDB:"E:\Facultate\Anul II\Limbaje formale si teoria automatelor\Tema 1 - problema 3 V2\Debug\Tema 1 - problema 3 V2.pdb" /SUBSYSTEM:CONSOLE /TLBID:1 /DYNAMICBASE /NXCOMPAT /IMPLIB:"E:\Facultate\Anul II\Limbaje formale si teoria automatelor\Tema 1 - problema 3 V2\Debug\Tema 1 - problema 3 V2.lib" /MACHINE:X86 "Debug\Tema 1 - problema 3 V2.exe.embed.manifest.res"
         Debug\stdafx.obj
         "Debug\Tema 1 - problema 3 V2.obj"
       Manifest:
         C:\Program Files (x86)\Microsoft SDKs\Windows\v7.0A\bin\mt.exe /nologo /verbose /out:"Debug\Tema 1 - problema 3 V2.exe.embed.manifest" /manifest "Debug\Tema 1 - problema 3 V2.exe.intermediate.manifest"
         All outputs are up-to-date.
       LinkEmbedManifest:
         All outputs are up-to-date.
         Tema 1 - problema 3 V2.vcxproj -> E:\Facultate\Anul II\Limbaje formale si teoria automatelor\Tema 1 - problema 3 V2\Debug\Tema 1 - problema 3 V2.exe
       FinalizeBuildStatus:
         Deleting file "Debug\Tema 1 - problema 3 V2.unsuccessfulbuild".
         Touching "Debug\Tema 1 - problema 3 V2.lastbuildstate".
     1>Done Building Project "E:\Facultate\Anul II\Limbaje formale si teoria automatelor\Tema 1 - problema 3 V2\Tema 1 - problema 3 V2\Tema 1 - problema 3 V2.vcxproj" (build target(s)).

Build succeeded.

Time Elapsed 00:00:00.59
