Build started 5/22/2011 1:22:42 PM.
     1>Project "E:\Programare procedurala\sem2\POO\Teme\Tema M1U4.1 problemele1,2,3\Tema M1U4.1 problemele1,2,3\Tema M1U4.1 problemele1,2,3.vcxproj" on node 2 (build target(s)).
     1>PrepareForBuild:
         Creating directory "E:\Programare procedurala\sem2\POO\Teme\Tema M1U4.1 problemele1,2,3\Debug\".
       InitializeBuildStatus:
         Creating "Debug\Tema M1U4.1 problemele1,2,3.unsuccessfulbuild" because "AlwaysCreate" was specified.
       ClCompile:
         C:\Program Files (x86)\Microsoft Visual Studio 10.0\VC\bin\CL.exe /c /ZI /nologo /W3 /WX- /Od /Oy- /D WIN32 /D _DEBUG /D _CONSOLE /D _UNICODE /D UNICODE /Gm /EHsc /RTC1 /MDd /GS /fp:precise /Zc:wchar_t /Zc:forScope /Yc"StdAfx.h" /Fp"Debug\Tema M1U4.1 problemele1,2,3.pch" /Fo"Debug\\" /Fd"Debug\vc100.pdb" /Gd /TP /analyze- /errorReport:prompt stdafx.cpp
         stdafx.cpp
         C:\Program Files (x86)\Microsoft Visual Studio 10.0\VC\bin\CL.exe /c /ZI /nologo /W3 /WX- /Od /Oy- /D WIN32 /D _DEBUG /D _CONSOLE /D _UNICODE /D UNICODE /Gm /EHsc /RTC1 /MDd /GS /fp:precise /Zc:wchar_t /Zc:forScope /Yu"StdAfx.h" /Fp"Debug\Tema M1U4.1 problemele1,2,3.pch" /Fo"Debug\\" /Fd"Debug\vc100.pdb" /Gd /TP /analyze- /errorReport:prompt "Tema M1U4.1 problemele1,2,3.cpp"
         Tema M1U4.1 problemele1,2,3.cpp
     1>e:\programare procedurala\sem2\poo\teme\tema m1u4.1 problemele1,2,3\tema m1u4.1 problemele1,2,3\tema m1u4.1 problemele1,2,3.cpp(167): warning C4996: 'getch': The POSIX name for this item is deprecated. Instead, use the ISO C++ conformant name: _getch. See online help for details.
                 c:\program files (x86)\microsoft visual studio 10.0\vc\include\conio.h(128) : see declaration of 'getch'
     1>e:\programare procedurala\sem2\poo\teme\tema m1u4.1 problemele1,2,3\tema m1u4.1 problemele1,2,3\tema m1u4.1 problemele1,2,3.cpp(248): warning C4996: 'getch': The POSIX name for this item is deprecated. Instead, use the ISO C++ conformant name: _getch. See online help for details.
                 c:\program files (x86)\microsoft visual studio 10.0\vc\include\conio.h(128) : see declaration of 'getch'
       ManifestResourceCompile:
         C:\Program Files (x86)\Microsoft SDKs\Windows\v7.0A\bin\rc.exe /nologo /fo"Debug\Tema M1U4.1 problemele1,2,3.exe.embed.manifest.res" "Debug\Tema M1U4.1 problemele1,2,3_manifest.rc" 
       Link:
         C:\Program Files (x86)\Microsoft Visual Studio 10.0\VC\bin\link.exe /ERRORREPORT:PROMPT /OUT:"E:\Programare procedurala\sem2\POO\Teme\Tema M1U4.1 problemele1,2,3\Debug\Tema M1U4.1 problemele1,2,3.exe" /INCREMENTAL /NOLOGO kernel32.lib user32.lib gdi32.lib winspool.lib comdlg32.lib advapi32.lib shell32.lib ole32.lib oleaut32.lib uuid.lib odbc32.lib odbccp32.lib /MANIFEST /ManifestFile:"Debug\Tema M1U4.1 problemele1,2,3.exe.intermediate.manifest" /MANIFESTUAC:"level='asInvoker' uiAccess='false'" /DEBUG /PDB:"E:\Programare procedurala\sem2\POO\Teme\Tema M1U4.1 problemele1,2,3\Debug\Tema M1U4.1 problemele1,2,3.pdb" /SUBSYSTEM:CONSOLE /TLBID:1 /DYNAMICBASE /NXCOMPAT /IMPLIB:"E:\Programare procedurala\sem2\POO\Teme\Tema M1U4.1 problemele1,2,3\Debug\Tema M1U4.1 problemele1,2,3.lib" /MACHINE:X86 "Debug\Tema M1U4.1 problemele1,2,3.exe.embed.manifest.res"
         Debug\stdafx.obj
         "Debug\Tema M1U4.1 problemele1,2,3.obj"
       Manifest:
         C:\Program Files (x86)\Microsoft SDKs\Windows\v7.0A\bin\mt.exe /nologo /verbose /out:"Debug\Tema M1U4.1 problemele1,2,3.exe.embed.manifest" /manifest "Debug\Tema M1U4.1 problemele1,2,3.exe.intermediate.manifest"
         C:\Program Files (x86)\Microsoft SDKs\Windows\v7.0A\bin\rc.exe /nologo /fo"Debug\Tema M1U4.1 problemele1,2,3.exe.embed.manifest.res" "Debug\Tema M1U4.1 problemele1,2,3_manifest.rc" 
       LinkEmbedManifest:
         C:\Program Files (x86)\Microsoft Visual Studio 10.0\VC\bin\link.exe /ERRORREPORT:PROMPT /OUT:"E:\Programare procedurala\sem2\POO\Teme\Tema M1U4.1 problemele1,2,3\Debug\Tema M1U4.1 problemele1,2,3.exe" /INCREMENTAL /NOLOGO kernel32.lib user32.lib gdi32.lib winspool.lib comdlg32.lib advapi32.lib shell32.lib ole32.lib oleaut32.lib uuid.lib odbc32.lib odbccp32.lib /MANIFEST /ManifestFile:"Debug\Tema M1U4.1 problemele1,2,3.exe.intermediate.manifest" /MANIFESTUAC:"level='asInvoker' uiAccess='false'" /DEBUG /PDB:"E:\Programare procedurala\sem2\POO\Teme\Tema M1U4.1 problemele1,2,3\Debug\Tema M1U4.1 problemele1,2,3.pdb" /SUBSYSTEM:CONSOLE /TLBID:1 /DYNAMICBASE /NXCOMPAT /IMPLIB:"E:\Programare procedurala\sem2\POO\Teme\Tema M1U4.1 problemele1,2,3\Debug\Tema M1U4.1 problemele1,2,3.lib" /MACHINE:X86 "Debug\Tema M1U4.1 problemele1,2,3.exe.embed.manifest.res"
         Debug\stdafx.obj
         "Debug\Tema M1U4.1 problemele1,2,3.obj"
         Tema M1U4.1 problemele1,2,3.vcxproj -> E:\Programare procedurala\sem2\POO\Teme\Tema M1U4.1 problemele1,2,3\Debug\Tema M1U4.1 problemele1,2,3.exe
       FinalizeBuildStatus:
         Deleting file "Debug\Tema M1U4.1 problemele1,2,3.unsuccessfulbuild".
         Touching "Debug\Tema M1U4.1 problemele1,2,3.lastbuildstate".
     1>Done Building Project "E:\Programare procedurala\sem2\POO\Teme\Tema M1U4.1 problemele1,2,3\Tema M1U4.1 problemele1,2,3\Tema M1U4.1 problemele1,2,3.vcxproj" (build target(s)).

Build succeeded.

Time Elapsed 00:00:01.40
