Build started 3/17/2012 4:19:19 PM.
     1>Project "J:\Facultate\Anul II\Sem 2\Imagini vizuale\Laborator 3 proiect 3\Laborator 3 proiect 3\Laborator 3 proiect 3.vcxproj" on node 2 (build target(s)).
     1>InitializeBuildStatus:
         Creating "Debug\Laborator 3 proiect 3.unsuccessfulbuild" because "AlwaysCreate" was specified.
       ClCompile:
         Deleting file "Debug\Laborator 3 proiect 3.pch".
         C:\Program Files (x86)\Microsoft Visual Studio 10.0\VC\bin\CL.exe /c /ZI /nologo /W3 /WX- /Od /Oy- /D WIN32 /D _WINDOWS /D _DEBUG /D _MBCS /D _AFXDLL /Gm /EHsc /RTC1 /MDd /GS /fp:precise /Zc:wchar_t /Zc:forScope /Yc"StdAfx.h" /Fp"Debug\Laborator 3 proiect 3.pch" /Fo"Debug\\" /Fd"Debug\vc100.pdb" /Gd /TP /analyze- /errorReport:prompt stdafx.cpp
         stdafx.cpp
         C:\Program Files (x86)\Microsoft Visual Studio 10.0\VC\bin\CL.exe /c /ZI /nologo /W3 /WX- /Od /Oy- /D WIN32 /D _WINDOWS /D _DEBUG /D _MBCS /D _AFXDLL /Gm /EHsc /RTC1 /MDd /GS /fp:precise /Zc:wchar_t /Zc:forScope /Yu"StdAfx.h" /Fp"Debug\Laborator 3 proiect 3.pch" /Fo"Debug\\" /Fd"Debug\vc100.pdb" /Gd /TP /analyze- /errorReport:prompt "Laborator 3 proiect 3.cpp" "Laborator 3 proiect 3Dlg.cpp"
         Laborator 3 proiect 3Dlg.cpp
     1>j:\facultate\anul ii\sem 2\imagini vizuale\laborator 3 proiect 3\laborator 3 proiect 3\laborator 3 proiect 3dlg.cpp(144): warning C4244: 'argument' : conversion from 'double' to 'int', possible loss of data
     1>j:\facultate\anul ii\sem 2\imagini vizuale\laborator 3 proiect 3\laborator 3 proiect 3\laborator 3 proiect 3dlg.cpp(150): warning C4244: 'argument' : conversion from 'double' to 'int', possible loss of data
     1>j:\facultate\anul ii\sem 2\imagini vizuale\laborator 3 proiect 3\laborator 3 proiect 3\laborator 3 proiect 3dlg.cpp(150): warning C4244: 'argument' : conversion from 'double' to 'int', possible loss of data
         Laborator 3 proiect 3.cpp
         Generating Code...
       ResourceCompile:
         C:\Program Files (x86)\Microsoft SDKs\Windows\v7.0A\bin\rc.exe /D _DEBUG /D _AFXDLL /l"0x0409" /IDebug\ /nologo /fo"Debug\Laborator 3 proiect 3.res" "Laborator 3 proiect 3.rc" 
       ManifestResourceCompile:
         C:\Program Files (x86)\Microsoft SDKs\Windows\v7.0A\bin\rc.exe /nologo /fo"Debug\Laborator 3 proiect 3.exe.embed.manifest.res" "Debug\Laborator 3 proiect 3_manifest.rc" 
       Link:
         C:\Program Files (x86)\Microsoft Visual Studio 10.0\VC\bin\link.exe /ERRORREPORT:PROMPT /OUT:"J:\Facultate\Anul II\Sem 2\Imagini vizuale\Laborator 3 proiect 3\Debug\Laborator 3 proiect 3.exe" /INCREMENTAL /NOLOGO /MANIFEST /ManifestFile:"Debug\Laborator 3 proiect 3.exe.intermediate.manifest" /MANIFESTUAC:"level='asInvoker' uiAccess='false'" /DEBUG /PDB:"J:\Facultate\Anul II\Sem 2\Imagini vizuale\Laborator 3 proiect 3\Debug\Laborator 3 proiect 3.pdb" /SUBSYSTEM:WINDOWS /TLBID:1 /DYNAMICBASE /NXCOMPAT /IMPLIB:"J:\Facultate\Anul II\Sem 2\Imagini vizuale\Laborator 3 proiect 3\Debug\Laborator 3 proiect 3.lib" /MACHINE:X86 "Debug\Laborator 3 proiect 3.res"
         "Debug\Laborator 3 proiect 3.exe.embed.manifest.res"
         "Debug\Laborator 3 proiect 3.obj"
         "Debug\Laborator 3 proiect 3Dlg.obj"
         Debug\stdafx.obj
       Manifest:
         C:\Program Files (x86)\Microsoft SDKs\Windows\v7.0A\bin\mt.exe /nologo /verbose /out:"Debug\Laborator 3 proiect 3.exe.embed.manifest" /manifest "Debug\Laborator 3 proiect 3.exe.intermediate.manifest" "C:\Program Files (x86)\Microsoft Visual Studio 10.0\VC\Include\Manifest\dpiaware.manifest"
         C:\Program Files (x86)\Microsoft SDKs\Windows\v7.0A\bin\rc.exe /nologo /fo"Debug\Laborator 3 proiect 3.exe.embed.manifest.res" "Debug\Laborator 3 proiect 3_manifest.rc" 
       LinkEmbedManifest:
         C:\Program Files (x86)\Microsoft Visual Studio 10.0\VC\bin\link.exe /ERRORREPORT:PROMPT /OUT:"J:\Facultate\Anul II\Sem 2\Imagini vizuale\Laborator 3 proiect 3\Debug\Laborator 3 proiect 3.exe" /INCREMENTAL /NOLOGO /MANIFEST /ManifestFile:"Debug\Laborator 3 proiect 3.exe.intermediate.manifest" /MANIFESTUAC:"level='asInvoker' uiAccess='false'" /DEBUG /PDB:"J:\Facultate\Anul II\Sem 2\Imagini vizuale\Laborator 3 proiect 3\Debug\Laborator 3 proiect 3.pdb" /SUBSYSTEM:WINDOWS /TLBID:1 /DYNAMICBASE /NXCOMPAT /IMPLIB:"J:\Facultate\Anul II\Sem 2\Imagini vizuale\Laborator 3 proiect 3\Debug\Laborator 3 proiect 3.lib" /MACHINE:X86 "Debug\Laborator 3 proiect 3.res"
         "Debug\Laborator 3 proiect 3.exe.embed.manifest.res"
         "Debug\Laborator 3 proiect 3.obj"
         "Debug\Laborator 3 proiect 3Dlg.obj"
         Debug\stdafx.obj
         Laborator 3 proiect 3.vcxproj -> J:\Facultate\Anul II\Sem 2\Imagini vizuale\Laborator 3 proiect 3\Debug\Laborator 3 proiect 3.exe
       FinalizeBuildStatus:
         Deleting file "Debug\Laborator 3 proiect 3.unsuccessfulbuild".
         Touching "Debug\Laborator 3 proiect 3.lastbuildstate".
     1>Done Building Project "J:\Facultate\Anul II\Sem 2\Imagini vizuale\Laborator 3 proiect 3\Laborator 3 proiect 3\Laborator 3 proiect 3.vcxproj" (build target(s)).

Build succeeded.

Time Elapsed 00:00:14.26
