C:\USERS\OLY\DESKTOP\POO - EXAMEN\DEBUG\POO - EXAMEN.EXE
C:\USERS\OLY\DESKTOP\POO - EXAMEN\DEBUG\POO - EXAMEN.ILK
C:\USERS\OLY\DESKTOP\POO - EXAMEN\DEBUG\POO - EXAMEN.PDB
C:\USERS\OLY\DESKTOP\POO - EXAMEN\POO - EXAMEN\DEBUG\POO - EXAMEN.EXE.EMBED.MANIFEST
C:\USERS\OLY\DESKTOP\POO - EXAMEN\POO - EXAMEN\DEBUG\POO - EXAMEN.EXE.EMBED.MANIFEST.RES
C:\USERS\OLY\DESKTOP\POO - EXAMEN\POO - EXAMEN\DEBUG\POO - EXAMEN.EXE.INTERMEDIATE.MANIFEST
C:\USERS\OLY\DESKTOP\POO - EXAMEN\POO - EXAMEN\DEBUG\POO - EXAMEN.OBJ
C:\USERS\OLY\DESKTOP\POO - EXAMEN\POO - EXAMEN\DEBUG\STDAFX.OBJ
C:\USERS\OLY\DESKTOP\POO - EXAMEN\POO - EXAMEN\DEBUG\VC100.PDB
D:\Facultate\Anul I\POO\Poo - examen\Debug\Poo - examen.exe
D:\Facultate\Anul I\POO\Poo - examen\Debug\Poo - examen.ilk
D:\Facultate\Anul I\POO\Poo - examen\Debug\Poo - examen.pdb
D:\Facultate\Anul I\POO\Poo - examen\Poo - examen\Debug\cl.command.1.tlog
D:\Facultate\Anul I\POO\Poo - examen\Poo - examen\Debug\CL.read.1.tlog
D:\Facultate\Anul I\POO\Poo - examen\Poo - examen\Debug\CL.write.1.tlog
D:\Facultate\Anul I\POO\Poo - examen\Poo - examen\Debug\link.1416.read.1.tlog
D:\Facultate\Anul I\POO\Poo - examen\Poo - examen\Debug\link.1416.write.1.tlog
D:\Facultate\Anul I\POO\Poo - examen\Poo - examen\Debug\link.1416-cvtres.read.1.tlog
D:\Facultate\Anul I\POO\Poo - examen\Poo - examen\Debug\link.1416-cvtres.write.1.tlog
D:\Facultate\Anul I\POO\Poo - examen\Poo - examen\Debug\link.3380.read.1.tlog
D:\Facultate\Anul I\POO\Poo - examen\Poo - examen\Debug\link.3380.write.1.tlog
D:\Facultate\Anul I\POO\Poo - examen\Poo - examen\Debug\link.3380-cvtres.read.1.tlog
D:\Facultate\Anul I\POO\Poo - examen\Poo - examen\Debug\link.3380-cvtres.write.1.tlog
D:\Facultate\Anul I\POO\Poo - examen\Poo - examen\Debug\link.3524.read.1.tlog
D:\Facultate\Anul I\POO\Poo - examen\Poo - examen\Debug\link.3524.write.1.tlog
D:\Facultate\Anul I\POO\Poo - examen\Poo - examen\Debug\link.3524-cvtres.read.1.tlog
D:\Facultate\Anul I\POO\Poo - examen\Poo - examen\Debug\link.3524-cvtres.write.1.tlog
D:\Facultate\Anul I\POO\Poo - examen\Poo - examen\Debug\link.3588.read.1.tlog
D:\Facultate\Anul I\POO\Poo - examen\Poo - examen\Debug\link.3588.write.1.tlog
D:\Facultate\Anul I\POO\Poo - examen\Poo - examen\Debug\link.3588-cvtres.read.1.tlog
D:\Facultate\Anul I\POO\Poo - examen\Poo - examen\Debug\link.3588-cvtres.write.1.tlog
D:\Facultate\Anul I\POO\Poo - examen\Poo - examen\Debug\link.command.1.tlog
D:\Facultate\Anul I\POO\Poo - examen\Poo - examen\Debug\link.read.1.tlog
D:\Facultate\Anul I\POO\Poo - examen\Poo - examen\Debug\link.write.1.tlog
D:\Facultate\Anul I\POO\Poo - examen\Poo - examen\Debug\link-cvtres.read.1.tlog
D:\Facultate\Anul I\POO\Poo - examen\Poo - examen\Debug\link-cvtres.write.1.tlog
D:\Facultate\Anul I\POO\Poo - examen\Poo - examen\Debug\mt.command.1.tlog
D:\Facultate\Anul I\POO\Poo - examen\Poo - examen\Debug\mt.read.1.tlog
D:\Facultate\Anul I\POO\Poo - examen\Poo - examen\Debug\mt.write.1.tlog
D:\Facultate\Anul I\POO\Poo - examen\Poo - examen\Debug\Poo - examen.exe.embed.manifest
D:\Facultate\Anul I\POO\Poo - examen\Poo - examen\Debug\Poo - examen.exe.embed.manifest.res
D:\Facultate\Anul I\POO\Poo - examen\Poo - examen\Debug\Poo - examen.exe.intermediate.manifest
D:\Facultate\Anul I\POO\Poo - examen\Poo - examen\Debug\Poo - examen.obj
D:\Facultate\Anul I\POO\Poo - examen\Poo - examen\Debug\Poo - examen_manifest.rc
D:\Facultate\Anul I\POO\Poo - examen\Poo - examen\Debug\rc.command.1.tlog
D:\Facultate\Anul I\POO\Poo - examen\Poo - examen\Debug\rc.read.1.tlog
D:\Facultate\Anul I\POO\Poo - examen\Poo - examen\Debug\rc.write.1.tlog
D:\Facultate\Anul I\POO\Poo - examen\Poo - examen\Debug\stdafx.obj
D:\Facultate\Anul I\POO\Poo - examen\Poo - examen\Debug\vc100.idb
D:\Facultate\Anul I\POO\Poo - examen\Poo - examen\Debug\vc100.pdb
