Build started 6/3/2011 12:53:49 AM.
     1>Project "E:\Programare procedurala\sem2\SD\Heap max\Heap max\Heap max.vcxproj" on node 2 (build target(s)).
     1>InitializeBuildStatus:
         Creating "Debug\Heap max.unsuccessfulbuild" because "AlwaysCreate" was specified.
       ClCompile:
         C:\Program Files (x86)\Microsoft Visual Studio 10.0\VC\bin\CL.exe /c /ZI /nologo /W3 /WX- /Od /Oy- /D WIN32 /D _DEBUG /D _CONSOLE /D _UNICODE /D UNICODE /Gm /EHsc /RTC1 /MDd /GS /fp:precise /Zc:wchar_t /Zc:forScope /Fo"Debug\\" /Fd"Debug\vc100.pdb" /Gd /TP /analyze- /errorReport:prompt "Heap max.cpp"
         Heap max.cpp
     1>e:\programare procedurala\sem2\sd\heap max\heap max\heap max.cpp(138): warning C4996: 'getch': The POSIX name for this item is deprecated. Instead, use the ISO C++ conformant name: _getch. See online help for details.
                 c:\program files (x86)\microsoft visual studio 10.0\vc\include\conio.h(128) : see declaration of 'getch'
     1>e:\programare procedurala\sem2\sd\heap max\heap max\heap max.cpp(201): warning C4996: 'getch': The POSIX name for this item is deprecated. Instead, use the ISO C++ conformant name: _getch. See online help for details.
                 c:\program files (x86)\microsoft visual studio 10.0\vc\include\conio.h(128) : see declaration of 'getch'
       ManifestResourceCompile:
         All outputs are up-to-date.
       Link:
         C:\Program Files (x86)\Microsoft Visual Studio 10.0\VC\bin\link.exe /ERRORREPORT:PROMPT /OUT:"E:\Programare procedurala\sem2\SD\Heap max\Debug\Heap max.exe" /INCREMENTAL /NOLOGO kernel32.lib user32.lib gdi32.lib winspool.lib comdlg32.lib advapi32.lib shell32.lib ole32.lib oleaut32.lib uuid.lib odbc32.lib odbccp32.lib /MANIFEST /ManifestFile:"Debug\Heap max.exe.intermediate.manifest" /MANIFESTUAC:"level='asInvoker' uiAccess='false'" /DEBUG /PDB:"E:\Programare procedurala\sem2\SD\Heap max\Debug\Heap max.pdb" /SUBSYSTEM:CONSOLE /TLBID:1 /DYNAMICBASE /NXCOMPAT /IMPLIB:"E:\Programare procedurala\sem2\SD\Heap max\Debug\Heap max.lib" /MACHINE:X86 "Debug\Heap max.exe.embed.manifest.res"
         "Debug\Heap max.obj"
         Debug\stdafx.obj
       Manifest:
         C:\Program Files (x86)\Microsoft SDKs\Windows\v7.0A\bin\mt.exe /nologo /verbose /out:"Debug\Heap max.exe.embed.manifest" /manifest "Debug\Heap max.exe.intermediate.manifest"
         All outputs are up-to-date.
       LinkEmbedManifest:
         All outputs are up-to-date.
         Heap max.vcxproj -> E:\Programare procedurala\sem2\SD\Heap max\Debug\Heap max.exe
       FinalizeBuildStatus:
         Deleting file "Debug\Heap max.unsuccessfulbuild".
         Touching "Debug\Heap max.lastbuildstate".
     1>Done Building Project "E:\Programare procedurala\sem2\SD\Heap max\Heap max\Heap max.vcxproj" (build target(s)).

Build succeeded.

Time Elapsed 00:00:00.69
