Build started 4/14/2011 3:06:22 PM.
     1>Project "E:\Programare procedurala\sem2\problema5_arbore\problema5_arbore\problema5_arbore.vcxproj" on node 2 (build target(s)).
     1>InitializeBuildStatus:
         Creating "Debug\problema5_arbore.unsuccessfulbuild" because "AlwaysCreate" was specified.
       ClCompile:
         All outputs are up-to-date.
         C:\Program Files (x86)\Microsoft Visual Studio 10.0\VC\bin\CL.exe /c /ZI /nologo /W3 /WX- /Od /Oy- /D WIN32 /D _DEBUG /D _CONSOLE /D _UNICODE /D UNICODE /Gm /EHsc /RTC1 /MDd /GS /fp:precise /Zc:wchar_t /Zc:forScope /Yu"StdAfx.h" /Fp"Debug\problema5_arbore.pch" /Fo"Debug\\" /Fd"Debug\vc100.pdb" /Gd /TP /analyze- /errorReport:prompt problema5_arbore.cpp
         problema5_arbore.cpp
     1>e:\programare procedurala\sem2\problema5_arbore\problema5_arbore\problema5_arbore.cpp(121): warning C4996: 'getch': The POSIX name for this item is deprecated. Instead, use the ISO C++ conformant name: _getch. See online help for details.
                 c:\program files (x86)\microsoft visual studio 10.0\vc\include\conio.h(128) : see declaration of 'getch'
     1>e:\programare procedurala\sem2\problema5_arbore\problema5_arbore\problema5_arbore.cpp(89): warning C4101: 'x' : unreferenced local variable
       ManifestResourceCompile:
         All outputs are up-to-date.
       Link:
         C:\Program Files (x86)\Microsoft Visual Studio 10.0\VC\bin\link.exe /ERRORREPORT:PROMPT /OUT:"E:\Programare procedurala\sem2\problema5_arbore\Debug\problema5_arbore.exe" /INCREMENTAL /NOLOGO kernel32.lib user32.lib gdi32.lib winspool.lib comdlg32.lib advapi32.lib shell32.lib ole32.lib oleaut32.lib uuid.lib odbc32.lib odbccp32.lib /MANIFEST /ManifestFile:"Debug\problema5_arbore.exe.intermediate.manifest" /MANIFESTUAC:"level='asInvoker' uiAccess='false'" /DEBUG /PDB:"E:\Programare procedurala\sem2\problema5_arbore\Debug\problema5_arbore.pdb" /SUBSYSTEM:CONSOLE /TLBID:1 /DYNAMICBASE /NXCOMPAT /IMPLIB:"E:\Programare procedurala\sem2\problema5_arbore\Debug\problema5_arbore.lib" /MACHINE:X86 Debug\problema5_arbore.exe.embed.manifest.res
         Debug\problema5_arbore.obj
         Debug\stdafx.obj
       Manifest:
         C:\Program Files (x86)\Microsoft SDKs\Windows\v7.0A\bin\mt.exe /nologo /verbose /out:"Debug\problema5_arbore.exe.embed.manifest" /manifest Debug\problema5_arbore.exe.intermediate.manifest
         All outputs are up-to-date.
       LinkEmbedManifest:
         All outputs are up-to-date.
         problema5_arbore.vcxproj -> E:\Programare procedurala\sem2\problema5_arbore\Debug\problema5_arbore.exe
       FinalizeBuildStatus:
         Deleting file "Debug\problema5_arbore.unsuccessfulbuild".
         Touching "Debug\problema5_arbore.lastbuildstate".
     1>Done Building Project "E:\Programare procedurala\sem2\problema5_arbore\problema5_arbore\problema5_arbore.vcxproj" (build target(s)).

Build succeeded.

Time Elapsed 00:00:00.58
