Build started 5/26/2011 4:03:58 PM.
     1>Project "E:\Programare procedurala\sem2\POO\Programe carte\Membri statici\Membri statici\Membri statici.vcxproj" on node 2 (build target(s)).
     1>InitializeBuildStatus:
         Touching "Debug\Membri statici.unsuccessfulbuild".
       ClCompile:
         All outputs are up-to-date.
         C:\Program Files (x86)\Microsoft Visual Studio 10.0\VC\bin\CL.exe /c /ZI /nologo /W3 /WX- /Od /Oy- /D WIN32 /D _DEBUG /D _CONSOLE /D _UNICODE /D UNICODE /Gm /EHsc /RTC1 /MDd /GS /fp:precise /Zc:wchar_t /Zc:forScope /Yu"StdAfx.h" /Fp"Debug\Membri statici.pch" /Fo"Debug\\" /Fd"Debug\vc100.pdb" /Gd /TP /analyze- /errorReport:prompt "Membri statici.cpp"
         Membri statici.cpp
     1>e:\programare procedurala\sem2\poo\programe carte\membri statici\membri statici\membri statici.cpp(31): warning C4996: 'getch': The POSIX name for this item is deprecated. Instead, use the ISO C++ conformant name: _getch. See online help for details.
                 c:\program files (x86)\microsoft visual studio 10.0\vc\include\conio.h(128) : see declaration of 'getch'
       ManifestResourceCompile:
         All outputs are up-to-date.
       Link:
         C:\Program Files (x86)\Microsoft Visual Studio 10.0\VC\bin\link.exe /ERRORREPORT:PROMPT /OUT:"E:\Programare procedurala\sem2\POO\Programe carte\Membri statici\Debug\Membri statici.exe" /INCREMENTAL /NOLOGO kernel32.lib user32.lib gdi32.lib winspool.lib comdlg32.lib advapi32.lib shell32.lib ole32.lib oleaut32.lib uuid.lib odbc32.lib odbccp32.lib /MANIFEST /ManifestFile:"Debug\Membri statici.exe.intermediate.manifest" /MANIFESTUAC:"level='asInvoker' uiAccess='false'" /DEBUG /PDB:"E:\Programare procedurala\sem2\POO\Programe carte\Membri statici\Debug\Membri statici.pdb" /SUBSYSTEM:CONSOLE /TLBID:1 /DYNAMICBASE /NXCOMPAT /IMPLIB:"E:\Programare procedurala\sem2\POO\Programe carte\Membri statici\Debug\Membri statici.lib" /MACHINE:X86 "Debug\Membri statici.exe.embed.manifest.res"
         "Debug\Membri statici.obj"
         Debug\stdafx.obj
       Manifest:
         C:\Program Files (x86)\Microsoft SDKs\Windows\v7.0A\bin\mt.exe /nologo /verbose /out:"Debug\Membri statici.exe.embed.manifest" /manifest "Debug\Membri statici.exe.intermediate.manifest"
         All outputs are up-to-date.
       LinkEmbedManifest:
         All outputs are up-to-date.
         Membri statici.vcxproj -> E:\Programare procedurala\sem2\POO\Programe carte\Membri statici\Debug\Membri statici.exe
       FinalizeBuildStatus:
         Deleting file "Debug\Membri statici.unsuccessfulbuild".
         Touching "Debug\Membri statici.lastbuildstate".
     1>Done Building Project "E:\Programare procedurala\sem2\POO\Programe carte\Membri statici\Membri statici\Membri statici.vcxproj" (build target(s)).

Build succeeded.

Time Elapsed 00:00:00.68
