Build started 6/3/2011 6:27:15 PM.
     1>Project "E:\Programare procedurala\sem2\SD\Arbori Rosu-Negru\Arbori Rosu-Negru\Arbori Rosu-Negru.vcxproj" on node 2 (build target(s)).
     1>InitializeBuildStatus:
         Touching "Debug\Arbori Rosu-Negru.unsuccessfulbuild".
       ClCompile:
         C:\Program Files (x86)\Microsoft Visual Studio 10.0\VC\bin\CL.exe /c /ZI /nologo /W3 /WX- /Od /Oy- /D WIN32 /D _DEBUG /D _CONSOLE /D _UNICODE /D UNICODE /Gm /EHsc /RTC1 /MDd /GS /fp:precise /Zc:wchar_t /Zc:forScope /Fo"Debug\\" /Fd"Debug\vc100.pdb" /Gd /TP /analyze- /errorReport:prompt "Arbori Rosu-Negru.cpp"
         Arbori Rosu-Negru.cpp
     1>e:\programare procedurala\sem2\sd\arbori rosu-negru\arbori rosu-negru\arbori rosu-negru.cpp(172): warning C4996: 'getch': The POSIX name for this item is deprecated. Instead, use the ISO C++ conformant name: _getch. See online help for details.
                 c:\program files (x86)\microsoft visual studio 10.0\vc\include\conio.h(128) : see declaration of 'getch'
     1>e:\programare procedurala\sem2\sd\arbori rosu-negru\arbori rosu-negru\arbori rosu-negru.cpp(153): warning C4101: 'y' : unreferenced local variable
     1>e:\programare procedurala\sem2\sd\arbori rosu-negru\arbori rosu-negru\arbori rosu-negru.cpp(153): warning C4101: 'x' : unreferenced local variable
     1>e:\programare procedurala\sem2\sd\arbori rosu-negru\arbori rosu-negru\arbori rosu-negru.cpp(152): warning C4101: 'k' : unreferenced local variable
     1>e:\programare procedurala\sem2\sd\arbori rosu-negru\arbori rosu-negru\arbori rosu-negru.cpp(152): warning C4101: 'c' : unreferenced local variable
       ManifestResourceCompile:
         All outputs are up-to-date.
       Link:
         C:\Program Files (x86)\Microsoft Visual Studio 10.0\VC\bin\link.exe /ERRORREPORT:PROMPT /OUT:"E:\Programare procedurala\sem2\SD\Arbori Rosu-Negru\Debug\Arbori Rosu-Negru.exe" /INCREMENTAL /NOLOGO kernel32.lib user32.lib gdi32.lib winspool.lib comdlg32.lib advapi32.lib shell32.lib ole32.lib oleaut32.lib uuid.lib odbc32.lib odbccp32.lib /MANIFEST /ManifestFile:"Debug\Arbori Rosu-Negru.exe.intermediate.manifest" /MANIFESTUAC:"level='asInvoker' uiAccess='false'" /DEBUG /PDB:"E:\Programare procedurala\sem2\SD\Arbori Rosu-Negru\Debug\Arbori Rosu-Negru.pdb" /SUBSYSTEM:CONSOLE /TLBID:1 /DYNAMICBASE /NXCOMPAT /IMPLIB:"E:\Programare procedurala\sem2\SD\Arbori Rosu-Negru\Debug\Arbori Rosu-Negru.lib" /MACHINE:X86 "Debug\Arbori Rosu-Negru.exe.embed.manifest.res"
         "Debug\Arbori Rosu-Negru.obj"
         Debug\stdafx.obj
       Manifest:
         C:\Program Files (x86)\Microsoft SDKs\Windows\v7.0A\bin\mt.exe /nologo /verbose /out:"Debug\Arbori Rosu-Negru.exe.embed.manifest" /manifest "Debug\Arbori Rosu-Negru.exe.intermediate.manifest"
         All outputs are up-to-date.
       LinkEmbedManifest:
         All outputs are up-to-date.
         Arbori Rosu-Negru.vcxproj -> E:\Programare procedurala\sem2\SD\Arbori Rosu-Negru\Debug\Arbori Rosu-Negru.exe
       FinalizeBuildStatus:
         Deleting file "Debug\Arbori Rosu-Negru.unsuccessfulbuild".
         Touching "Debug\Arbori Rosu-Negru.lastbuildstate".
     1>Done Building Project "E:\Programare procedurala\sem2\SD\Arbori Rosu-Negru\Arbori Rosu-Negru\Arbori Rosu-Negru.vcxproj" (build target(s)).

Build succeeded.

Time Elapsed 00:00:00.64
