Build started 5/13/2011 3:07:06 PM.
     1>Project "E:\Programare procedurala\sem2\POO\programe carte\Partea intreaga\Partea intreaga\Partea intreaga.vcxproj" on node 2 (build target(s)).
     1>PrepareForBuild:
         Creating directory "E:\Programare procedurala\sem2\POO\programe carte\Partea intreaga\Debug\".
       InitializeBuildStatus:
         Creating "Debug\Partea intreaga.unsuccessfulbuild" because "AlwaysCreate" was specified.
       ClCompile:
         C:\Program Files (x86)\Microsoft Visual Studio 10.0\VC\bin\CL.exe /c /ZI /nologo /W3 /WX- /Od /Oy- /D WIN32 /D _DEBUG /D _CONSOLE /D _UNICODE /D UNICODE /Gm /EHsc /RTC1 /MDd /GS /fp:precise /Zc:wchar_t /Zc:forScope /Yc"StdAfx.h" /Fp"Debug\Partea intreaga.pch" /Fo"Debug\\" /Fd"Debug\vc100.pdb" /Gd /TP /analyze- /errorReport:prompt stdafx.cpp
         stdafx.cpp
         C:\Program Files (x86)\Microsoft Visual Studio 10.0\VC\bin\CL.exe /c /ZI /nologo /W3 /WX- /Od /Oy- /D WIN32 /D _DEBUG /D _CONSOLE /D _UNICODE /D UNICODE /Gm /EHsc /RTC1 /MDd /GS /fp:precise /Zc:wchar_t /Zc:forScope /Yu"StdAfx.h" /Fp"Debug\Partea intreaga.pch" /Fo"Debug\\" /Fd"Debug\vc100.pdb" /Gd /TP /analyze- /errorReport:prompt "Partea intreaga.cpp"
         Partea intreaga.cpp
     1>e:\programare procedurala\sem2\poo\programe carte\partea intreaga\partea intreaga\partea intreaga.cpp(13): warning C4305: '=' : truncation from 'double' to 'float'
     1>e:\programare procedurala\sem2\poo\programe carte\partea intreaga\partea intreaga\partea intreaga.cpp(17): warning C4996: 'getch': The POSIX name for this item is deprecated. Instead, use the ISO C++ conformant name: _getch. See online help for details.
                 c:\program files (x86)\microsoft visual studio 10.0\vc\include\conio.h(128) : see declaration of 'getch'
       ManifestResourceCompile:
         C:\Program Files (x86)\Microsoft SDKs\Windows\v7.0A\bin\rc.exe /nologo /fo"Debug\Partea intreaga.exe.embed.manifest.res" "Debug\Partea intreaga_manifest.rc" 
       Link:
         C:\Program Files (x86)\Microsoft Visual Studio 10.0\VC\bin\link.exe /ERRORREPORT:PROMPT /OUT:"E:\Programare procedurala\sem2\POO\programe carte\Partea intreaga\Debug\Partea intreaga.exe" /INCREMENTAL /NOLOGO kernel32.lib user32.lib gdi32.lib winspool.lib comdlg32.lib advapi32.lib shell32.lib ole32.lib oleaut32.lib uuid.lib odbc32.lib odbccp32.lib /MANIFEST /ManifestFile:"Debug\Partea intreaga.exe.intermediate.manifest" /MANIFESTUAC:"level='asInvoker' uiAccess='false'" /DEBUG /PDB:"E:\Programare procedurala\sem2\POO\programe carte\Partea intreaga\Debug\Partea intreaga.pdb" /SUBSYSTEM:CONSOLE /TLBID:1 /DYNAMICBASE /NXCOMPAT /IMPLIB:"E:\Programare procedurala\sem2\POO\programe carte\Partea intreaga\Debug\Partea intreaga.lib" /MACHINE:X86 "Debug\Partea intreaga.exe.embed.manifest.res"
         "Debug\Partea intreaga.obj"
         Debug\stdafx.obj
       Manifest:
         C:\Program Files (x86)\Microsoft SDKs\Windows\v7.0A\bin\mt.exe /nologo /verbose /out:"Debug\Partea intreaga.exe.embed.manifest" /manifest "Debug\Partea intreaga.exe.intermediate.manifest"
         C:\Program Files (x86)\Microsoft SDKs\Windows\v7.0A\bin\rc.exe /nologo /fo"Debug\Partea intreaga.exe.embed.manifest.res" "Debug\Partea intreaga_manifest.rc" 
       LinkEmbedManifest:
         C:\Program Files (x86)\Microsoft Visual Studio 10.0\VC\bin\link.exe /ERRORREPORT:PROMPT /OUT:"E:\Programare procedurala\sem2\POO\programe carte\Partea intreaga\Debug\Partea intreaga.exe" /INCREMENTAL /NOLOGO kernel32.lib user32.lib gdi32.lib winspool.lib comdlg32.lib advapi32.lib shell32.lib ole32.lib oleaut32.lib uuid.lib odbc32.lib odbccp32.lib /MANIFEST /ManifestFile:"Debug\Partea intreaga.exe.intermediate.manifest" /MANIFESTUAC:"level='asInvoker' uiAccess='false'" /DEBUG /PDB:"E:\Programare procedurala\sem2\POO\programe carte\Partea intreaga\Debug\Partea intreaga.pdb" /SUBSYSTEM:CONSOLE /TLBID:1 /DYNAMICBASE /NXCOMPAT /IMPLIB:"E:\Programare procedurala\sem2\POO\programe carte\Partea intreaga\Debug\Partea intreaga.lib" /MACHINE:X86 "Debug\Partea intreaga.exe.embed.manifest.res"
         "Debug\Partea intreaga.obj"
         Debug\stdafx.obj
         Partea intreaga.vcxproj -> E:\Programare procedurala\sem2\POO\programe carte\Partea intreaga\Debug\Partea intreaga.exe
       FinalizeBuildStatus:
         Deleting file "Debug\Partea intreaga.unsuccessfulbuild".
         Touching "Debug\Partea intreaga.lastbuildstate".
     1>Done Building Project "E:\Programare procedurala\sem2\POO\programe carte\Partea intreaga\Partea intreaga\Partea intreaga.vcxproj" (build target(s)).

Build succeeded.

Time Elapsed 00:00:01.08
