Build started 8/26/2013 11:00:42 AM.
     1>Project "D:\Facultate\Anul I\Sem II\POO\Tema\Tema M1U2 problema2\Tema M1U2 problema2\Tema M1U2 problema2.vcxproj" on node 2 (build target(s)).
     1>InitializeBuildStatus:
         Creating "Debug\Tema M1U2 problema2.unsuccessfulbuild" because "AlwaysCreate" was specified.
       ClCompile:
         C:\Program Files (x86)\Microsoft Visual Studio 10.0\VC\bin\CL.exe /c /ZI /nologo /W3 /WX- /Od /Oy- /D WIN32 /D _DEBUG /D _CONSOLE /D _UNICODE /D UNICODE /Gm /EHsc /RTC1 /MDd /GS /fp:precise /Zc:wchar_t /Zc:forScope /Yc"StdAfx.h" /Fp"Debug\Tema M1U2 problema2.pch" /Fo"Debug\\" /Fd"Debug\vc100.pdb" /Gd /TP /analyze- /errorReport:prompt stdafx.cpp
         stdafx.cpp
         C:\Program Files (x86)\Microsoft Visual Studio 10.0\VC\bin\CL.exe /c /ZI /nologo /W3 /WX- /Od /Oy- /D WIN32 /D _DEBUG /D _CONSOLE /D _UNICODE /D UNICODE /Gm /EHsc /RTC1 /MDd /GS /fp:precise /Zc:wchar_t /Zc:forScope /Yu"StdAfx.h" /Fp"Debug\Tema M1U2 problema2.pch" /Fo"Debug\\" /Fd"Debug\vc100.pdb" /Gd /TP /analyze- /errorReport:prompt "Tema M1U2 problema2.cpp"
         Tema M1U2 problema2.cpp
     1>d:\facultate\anul i\sem ii\poo\tema\tema m1u2 problema2\tema m1u2 problema2\tema m1u2 problema2.cpp(22): warning C4018: '<' : signed/unsigned mismatch
     1>d:\facultate\anul i\sem ii\poo\tema\tema m1u2 problema2\tema m1u2 problema2\tema m1u2 problema2.cpp(29): warning C4018: '<' : signed/unsigned mismatch
     1>d:\facultate\anul i\sem ii\poo\tema\tema m1u2 problema2\tema m1u2 problema2\tema m1u2 problema2.cpp(32): warning C4018: '<' : signed/unsigned mismatch
     1>d:\facultate\anul i\sem ii\poo\tema\tema m1u2 problema2\tema m1u2 problema2\tema m1u2 problema2.cpp(33): warning C4018: '<' : signed/unsigned mismatch
     1>d:\facultate\anul i\sem ii\poo\tema\tema m1u2 problema2\tema m1u2 problema2\tema m1u2 problema2.cpp(39): warning C4018: '<' : signed/unsigned mismatch
     1>d:\facultate\anul i\sem ii\poo\tema\tema m1u2 problema2\tema m1u2 problema2\tema m1u2 problema2.cpp(40): warning C4018: '<' : signed/unsigned mismatch
     1>d:\facultate\anul i\sem ii\poo\tema\tema m1u2 problema2\tema m1u2 problema2\tema m1u2 problema2.cpp(42): warning C4244: '=' : conversion from 'int' to 'float', possible loss of data
     1>d:\facultate\anul i\sem ii\poo\tema\tema m1u2 problema2\tema m1u2 problema2\tema m1u2 problema2.cpp(44): warning C4244: '=' : conversion from 'float' to 'int', possible loss of data
     1>d:\facultate\anul i\sem ii\poo\tema\tema m1u2 problema2\tema m1u2 problema2\tema m1u2 problema2.cpp(50): warning C4018: '<' : signed/unsigned mismatch
     1>d:\facultate\anul i\sem ii\poo\tema\tema m1u2 problema2\tema m1u2 problema2\tema m1u2 problema2.cpp(51): warning C4018: '<' : signed/unsigned mismatch
     1>d:\facultate\anul i\sem ii\poo\tema\tema m1u2 problema2\tema m1u2 problema2\tema m1u2 problema2.cpp(53): warning C4244: '=' : conversion from 'int' to 'float', possible loss of data
     1>d:\facultate\anul i\sem ii\poo\tema\tema m1u2 problema2\tema m1u2 problema2\tema m1u2 problema2.cpp(55): warning C4244: '=' : conversion from 'float' to 'int', possible loss of data
     1>d:\facultate\anul i\sem ii\poo\tema\tema m1u2 problema2\tema m1u2 problema2\tema m1u2 problema2.cpp(58): warning C4244: '=' : conversion from 'float' to 'int', possible loss of data
     1>d:\facultate\anul i\sem ii\poo\tema\tema m1u2 problema2\tema m1u2 problema2\tema m1u2 problema2.cpp(69): warning C4018: '<' : signed/unsigned mismatch
     1>d:\facultate\anul i\sem ii\poo\tema\tema m1u2 problema2\tema m1u2 problema2\tema m1u2 problema2.cpp(74): warning C4996: 'getch': The POSIX name for this item is deprecated. Instead, use the ISO C++ conformant name: _getch. See online help for details.
                 c:\program files (x86)\microsoft visual studio 10.0\vc\include\conio.h(128) : see declaration of 'getch'
       ManifestResourceCompile:
         C:\Program Files (x86)\Microsoft SDKs\Windows\v7.0A\bin\rc.exe /nologo /fo"Debug\Tema M1U2 problema2.exe.embed.manifest.res" "Debug\Tema M1U2 problema2_manifest.rc" 
       Link:
         C:\Program Files (x86)\Microsoft Visual Studio 10.0\VC\bin\link.exe /ERRORREPORT:PROMPT /OUT:"D:\Facultate\Anul I\Sem II\POO\Tema\Tema M1U2 problema2\Debug\Tema M1U2 problema2.exe" /INCREMENTAL /NOLOGO kernel32.lib user32.lib gdi32.lib winspool.lib comdlg32.lib advapi32.lib shell32.lib ole32.lib oleaut32.lib uuid.lib odbc32.lib odbccp32.lib /MANIFEST /ManifestFile:"Debug\Tema M1U2 problema2.exe.intermediate.manifest" /MANIFESTUAC:"level='asInvoker' uiAccess='false'" /DEBUG /PDB:"D:\Facultate\Anul I\Sem II\POO\Tema\Tema M1U2 problema2\Debug\Tema M1U2 problema2.pdb" /SUBSYSTEM:CONSOLE /TLBID:1 /DYNAMICBASE /NXCOMPAT /IMPLIB:"D:\Facultate\Anul I\Sem II\POO\Tema\Tema M1U2 problema2\Debug\Tema M1U2 problema2.lib" /MACHINE:X86 "Debug\Tema M1U2 problema2.exe.embed.manifest.res"
         Debug\stdafx.obj
         "Debug\Tema M1U2 problema2.obj"
       Manifest:
         Deleting file "Debug\Tema M1U2 problema2.exe.embed.manifest".
         C:\Program Files (x86)\Microsoft SDKs\Windows\v7.0A\bin\mt.exe /nologo /verbose /out:"Debug\Tema M1U2 problema2.exe.embed.manifest" /manifest "Debug\Tema M1U2 problema2.exe.intermediate.manifest"
         C:\Program Files (x86)\Microsoft SDKs\Windows\v7.0A\bin\rc.exe /nologo /fo"Debug\Tema M1U2 problema2.exe.embed.manifest.res" "Debug\Tema M1U2 problema2_manifest.rc" 
       LinkEmbedManifest:
         C:\Program Files (x86)\Microsoft Visual Studio 10.0\VC\bin\link.exe /ERRORREPORT:PROMPT /OUT:"D:\Facultate\Anul I\Sem II\POO\Tema\Tema M1U2 problema2\Debug\Tema M1U2 problema2.exe" /INCREMENTAL /NOLOGO kernel32.lib user32.lib gdi32.lib winspool.lib comdlg32.lib advapi32.lib shell32.lib ole32.lib oleaut32.lib uuid.lib odbc32.lib odbccp32.lib /MANIFEST /ManifestFile:"Debug\Tema M1U2 problema2.exe.intermediate.manifest" /MANIFESTUAC:"level='asInvoker' uiAccess='false'" /DEBUG /PDB:"D:\Facultate\Anul I\Sem II\POO\Tema\Tema M1U2 problema2\Debug\Tema M1U2 problema2.pdb" /SUBSYSTEM:CONSOLE /TLBID:1 /DYNAMICBASE /NXCOMPAT /IMPLIB:"D:\Facultate\Anul I\Sem II\POO\Tema\Tema M1U2 problema2\Debug\Tema M1U2 problema2.lib" /MACHINE:X86 "Debug\Tema M1U2 problema2.exe.embed.manifest.res"
         Debug\stdafx.obj
         "Debug\Tema M1U2 problema2.obj"
         Tema M1U2 problema2.vcxproj -> D:\Facultate\Anul I\Sem II\POO\Tema\Tema M1U2 problema2\Debug\Tema M1U2 problema2.exe
       FinalizeBuildStatus:
         Deleting file "Debug\Tema M1U2 problema2.unsuccessfulbuild".
         Touching "Debug\Tema M1U2 problema2.lastbuildstate".
     1>Done Building Project "D:\Facultate\Anul I\Sem II\POO\Tema\Tema M1U2 problema2\Tema M1U2 problema2\Tema M1U2 problema2.vcxproj" (build target(s)).

Build succeeded.

Time Elapsed 00:00:01.89
