Build started 5/13/2011 3:18:45 PM.
     1>Project "E:\Programare procedurala\sem2\POO\programe carte\transmiterea parametrilor prin referinta\transmiterea parametrilor prin referinta\transmiterea parametrilor prin referinta.vcxproj" on node 2 (build target(s)).
     1>PrepareForBuild:
         Creating directory "E:\Programare procedurala\sem2\POO\programe carte\transmiterea parametrilor prin referinta\Debug\".
       InitializeBuildStatus:
         Creating "Debug\transmiterea parametrilor prin referinta.unsuccessfulbuild" because "AlwaysCreate" was specified.
       ClCompile:
         C:\Program Files (x86)\Microsoft Visual Studio 10.0\VC\bin\CL.exe /c /ZI /nologo /W3 /WX- /Od /Oy- /D WIN32 /D _DEBUG /D _CONSOLE /D _UNICODE /D UNICODE /Gm /EHsc /RTC1 /MDd /GS /fp:precise /Zc:wchar_t /Zc:forScope /Yc"StdAfx.h" /Fp"Debug\transmiterea parametrilor prin referinta.pch" /Fo"Debug\\" /Fd"Debug\vc100.pdb" /Gd /TP /analyze- /errorReport:prompt stdafx.cpp
         stdafx.cpp
         C:\Program Files (x86)\Microsoft Visual Studio 10.0\VC\bin\CL.exe /c /ZI /nologo /W3 /WX- /Od /Oy- /D WIN32 /D _DEBUG /D _CONSOLE /D _UNICODE /D UNICODE /Gm /EHsc /RTC1 /MDd /GS /fp:precise /Zc:wchar_t /Zc:forScope /Yu"StdAfx.h" /Fp"Debug\transmiterea parametrilor prin referinta.pch" /Fo"Debug\\" /Fd"Debug\vc100.pdb" /Gd /TP /analyze- /errorReport:prompt "transmiterea parametrilor prin referinta.cpp"
         transmiterea parametrilor prin referinta.cpp
     1>e:\programare procedurala\sem2\poo\programe carte\transmiterea parametrilor prin referinta\transmiterea parametrilor prin referinta\transmiterea parametrilor prin referinta.cpp(67): warning C4996: 'getch': The POSIX name for this item is deprecated. Instead, use the ISO C++ conformant name: _getch. See online help for details.
                 c:\program files (x86)\microsoft visual studio 10.0\vc\include\conio.h(128) : see declaration of 'getch'
       ManifestResourceCompile:
         C:\Program Files (x86)\Microsoft SDKs\Windows\v7.0A\bin\rc.exe /nologo /fo"Debug\transmiterea parametrilor prin referinta.exe.embed.manifest.res" "Debug\transmiterea parametrilor prin referinta_manifest.rc" 
       Link:
         C:\Program Files (x86)\Microsoft Visual Studio 10.0\VC\bin\link.exe /ERRORREPORT:PROMPT /OUT:"E:\Programare procedurala\sem2\POO\programe carte\transmiterea parametrilor prin referinta\Debug\transmiterea parametrilor prin referinta.exe" /INCREMENTAL /NOLOGO kernel32.lib user32.lib gdi32.lib winspool.lib comdlg32.lib advapi32.lib shell32.lib ole32.lib oleaut32.lib uuid.lib odbc32.lib odbccp32.lib /MANIFEST /ManifestFile:"Debug\transmiterea parametrilor prin referinta.exe.intermediate.manifest" /MANIFESTUAC:"level='asInvoker' uiAccess='false'" /DEBUG /PDB:"E:\Programare procedurala\sem2\POO\programe carte\transmiterea parametrilor prin referinta\Debug\transmiterea parametrilor prin referinta.pdb" /SUBSYSTEM:CONSOLE /TLBID:1 /DYNAMICBASE /NXCOMPAT /IMPLIB:"E:\Programare procedurala\sem2\POO\programe carte\transmiterea parametrilor prin referinta\Debug\transmiterea parametrilor prin referinta.lib" /MACHINE:X86 "Debug\transmiterea parametrilor prin referinta.exe.embed.manifest.res"
         Debug\stdafx.obj
         "Debug\transmiterea parametrilor prin referinta.obj"
       Manifest:
         C:\Program Files (x86)\Microsoft SDKs\Windows\v7.0A\bin\mt.exe /nologo /verbose /out:"Debug\transmiterea parametrilor prin referinta.exe.embed.manifest" /manifest "Debug\transmiterea parametrilor prin referinta.exe.intermediate.manifest"
         C:\Program Files (x86)\Microsoft SDKs\Windows\v7.0A\bin\rc.exe /nologo /fo"Debug\transmiterea parametrilor prin referinta.exe.embed.manifest.res" "Debug\transmiterea parametrilor prin referinta_manifest.rc" 
       LinkEmbedManifest:
         C:\Program Files (x86)\Microsoft Visual Studio 10.0\VC\bin\link.exe /ERRORREPORT:PROMPT /OUT:"E:\Programare procedurala\sem2\POO\programe carte\transmiterea parametrilor prin referinta\Debug\transmiterea parametrilor prin referinta.exe" /INCREMENTAL /NOLOGO kernel32.lib user32.lib gdi32.lib winspool.lib comdlg32.lib advapi32.lib shell32.lib ole32.lib oleaut32.lib uuid.lib odbc32.lib odbccp32.lib /MANIFEST /ManifestFile:"Debug\transmiterea parametrilor prin referinta.exe.intermediate.manifest" /MANIFESTUAC:"level='asInvoker' uiAccess='false'" /DEBUG /PDB:"E:\Programare procedurala\sem2\POO\programe carte\transmiterea parametrilor prin referinta\Debug\transmiterea parametrilor prin referinta.pdb" /SUBSYSTEM:CONSOLE /TLBID:1 /DYNAMICBASE /NXCOMPAT /IMPLIB:"E:\Programare procedurala\sem2\POO\programe carte\transmiterea parametrilor prin referinta\Debug\transmiterea parametrilor prin referinta.lib" /MACHINE:X86 "Debug\transmiterea parametrilor prin referinta.exe.embed.manifest.res"
         Debug\stdafx.obj
         "Debug\transmiterea parametrilor prin referinta.obj"
         transmiterea parametrilor prin referinta.vcxproj -> E:\Programare procedurala\sem2\POO\programe carte\transmiterea parametrilor prin referinta\Debug\transmiterea parametrilor prin referinta.exe
       FinalizeBuildStatus:
         Deleting file "Debug\transmiterea parametrilor prin referinta.unsuccessfulbuild".
         Touching "Debug\transmiterea parametrilor prin referinta.lastbuildstate".
     1>Done Building Project "E:\Programare procedurala\sem2\POO\programe carte\transmiterea parametrilor prin referinta\transmiterea parametrilor prin referinta\transmiterea parametrilor prin referinta.vcxproj" (build target(s)).

Build succeeded.

Time Elapsed 00:00:01.01
