Build started 5/22/2011 3:45:56 PM.
     1>Project "E:\Programare procedurala\sem2\POO\Teme\Tema M1U4.1 problemele4,5,6,7,8\Tema M1U4.1 problemele4,5,6,7,8\Tema M1U4.1 problemele4,5,6,7,8.vcxproj" on node 2 (build target(s)).
     1>InitializeBuildStatus:
         Creating "Debug\Tema M1U4.1 problemele4,5,6,7,8.unsuccessfulbuild" because "AlwaysCreate" was specified.
       ClCompile:
         All outputs are up-to-date.
         C:\Program Files (x86)\Microsoft Visual Studio 10.0\VC\bin\CL.exe /c /ZI /nologo /W3 /WX- /Od /Oy- /D WIN32 /D _DEBUG /D _CONSOLE /D _UNICODE /D UNICODE /Gm /EHsc /RTC1 /MDd /GS /fp:precise /Zc:wchar_t /Zc:forScope /Yu"StdAfx.h" /Fp"Debug\Tema M1U4.1 problemele4,5,6,7,8.pch" /Fo"Debug\\" /Fd"Debug\vc100.pdb" /Gd /TP /analyze- /errorReport:prompt "Tema M1U4.1 problemele4,5,6,7,8.cpp"
         Tema M1U4.1 problemele4,5,6,7,8.cpp
     1>e:\programare procedurala\sem2\poo\teme\tema m1u4.1 problemele4,5,6,7,8\tema m1u4.1 problemele4,5,6,7,8\tema m1u4.1 problemele4,5,6,7,8.cpp(204): warning C4996: 'getch': The POSIX name for this item is deprecated. Instead, use the ISO C++ conformant name: _getch. See online help for details.
                 c:\program files (x86)\microsoft visual studio 10.0\vc\include\conio.h(128) : see declaration of 'getch'
     1>e:\programare procedurala\sem2\poo\teme\tema m1u4.1 problemele4,5,6,7,8\tema m1u4.1 problemele4,5,6,7,8\tema m1u4.1 problemele4,5,6,7,8.cpp(279): warning C4996: 'getch': The POSIX name for this item is deprecated. Instead, use the ISO C++ conformant name: _getch. See online help for details.
                 c:\program files (x86)\microsoft visual studio 10.0\vc\include\conio.h(128) : see declaration of 'getch'
     1>e:\programare procedurala\sem2\poo\teme\tema m1u4.1 problemele4,5,6,7,8\tema m1u4.1 problemele4,5,6,7,8\tema m1u4.1 problemele4,5,6,7,8.cpp(186): warning C4101: 'd' : unreferenced local variable
     1>e:\programare procedurala\sem2\poo\teme\tema m1u4.1 problemele4,5,6,7,8\tema m1u4.1 problemele4,5,6,7,8\tema m1u4.1 problemele4,5,6,7,8.cpp(186): warning C4101: 'c' : unreferenced local variable
       ManifestResourceCompile:
         All outputs are up-to-date.
       Link:
         C:\Program Files (x86)\Microsoft Visual Studio 10.0\VC\bin\link.exe /ERRORREPORT:PROMPT /OUT:"E:\Programare procedurala\sem2\POO\Teme\Tema M1U4.1 problemele4,5,6,7,8\Debug\Tema M1U4.1 problemele4,5,6,7,8.exe" /INCREMENTAL /NOLOGO kernel32.lib user32.lib gdi32.lib winspool.lib comdlg32.lib advapi32.lib shell32.lib ole32.lib oleaut32.lib uuid.lib odbc32.lib odbccp32.lib /MANIFEST /ManifestFile:"Debug\Tema M1U4.1 problemele4,5,6,7,8.exe.intermediate.manifest" /MANIFESTUAC:"level='asInvoker' uiAccess='false'" /DEBUG /PDB:"E:\Programare procedurala\sem2\POO\Teme\Tema M1U4.1 problemele4,5,6,7,8\Debug\Tema M1U4.1 problemele4,5,6,7,8.pdb" /SUBSYSTEM:CONSOLE /TLBID:1 /DYNAMICBASE /NXCOMPAT /IMPLIB:"E:\Programare procedurala\sem2\POO\Teme\Tema M1U4.1 problemele4,5,6,7,8\Debug\Tema M1U4.1 problemele4,5,6,7,8.lib" /MACHINE:X86 "Debug\Tema M1U4.1 problemele4,5,6,7,8.exe.embed.manifest.res"
         Debug\stdafx.obj
         "Debug\Tema M1U4.1 problemele4,5,6,7,8.obj"
       Manifest:
         C:\Program Files (x86)\Microsoft SDKs\Windows\v7.0A\bin\mt.exe /nologo /verbose /out:"Debug\Tema M1U4.1 problemele4,5,6,7,8.exe.embed.manifest" /manifest "Debug\Tema M1U4.1 problemele4,5,6,7,8.exe.intermediate.manifest"
         All outputs are up-to-date.
       LinkEmbedManifest:
         All outputs are up-to-date.
         Tema M1U4.1 problemele4,5,6,7,8.vcxproj -> E:\Programare procedurala\sem2\POO\Teme\Tema M1U4.1 problemele4,5,6,7,8\Debug\Tema M1U4.1 problemele4,5,6,7,8.exe
       FinalizeBuildStatus:
         Deleting file "Debug\Tema M1U4.1 problemele4,5,6,7,8.unsuccessfulbuild".
         Touching "Debug\Tema M1U4.1 problemele4,5,6,7,8.lastbuildstate".
     1>Done Building Project "E:\Programare procedurala\sem2\POO\Teme\Tema M1U4.1 problemele4,5,6,7,8\Tema M1U4.1 problemele4,5,6,7,8\Tema M1U4.1 problemele4,5,6,7,8.vcxproj" (build target(s)).

Build succeeded.

Time Elapsed 00:00:00.72
