Build started 3/17/2012 4:24:12 PM.
     1>Project "J:\Facultate\Anul II\Sem 2\Imagini vizuale\Tema 3 - Translatie\Translatie\Translatie\Translatie.vcxproj" on node 2 (build target(s)).
     1>InitializeBuildStatus:
         Creating "Debug\Translatie.unsuccessfulbuild" because "AlwaysCreate" was specified.
       ClCompile:
         Deleting file "Debug\Translatie.pch".
         C:\Program Files (x86)\Microsoft Visual Studio 10.0\VC\bin\CL.exe /c /ZI /nologo /W3 /WX- /Od /Oy- /D WIN32 /D _WINDOWS /D _DEBUG /D _MBCS /D _AFXDLL /Gm /EHsc /RTC1 /MDd /GS /fp:precise /Zc:wchar_t /Zc:forScope /Yc"StdAfx.h" /Fp"Debug\Translatie.pch" /Fo"Debug\\" /Fd"Debug\vc100.pdb" /Gd /TP /analyze- /errorReport:prompt stdafx.cpp
         stdafx.cpp
         C:\Program Files (x86)\Microsoft Visual Studio 10.0\VC\bin\CL.exe /c /ZI /nologo /W3 /WX- /Od /Oy- /D WIN32 /D _WINDOWS /D _DEBUG /D _MBCS /D _AFXDLL /Gm /EHsc /RTC1 /MDd /GS /fp:precise /Zc:wchar_t /Zc:forScope /Yu"StdAfx.h" /Fp"Debug\Translatie.pch" /Fo"Debug\\" /Fd"Debug\vc100.pdb" /Gd /TP /analyze- /errorReport:prompt Translatie.cpp TranslatieDlg.cpp
         TranslatieDlg.cpp
         Translatie.cpp
         Generating Code...
       ResourceCompile:
         C:\Program Files (x86)\Microsoft SDKs\Windows\v7.0A\bin\rc.exe /D _DEBUG /D _AFXDLL /l"0x0409" /IDebug\ /nologo /fo"Debug\Translatie.res" Translatie.rc 
       ManifestResourceCompile:
         C:\Program Files (x86)\Microsoft SDKs\Windows\v7.0A\bin\rc.exe /nologo /fo"Debug\Translatie.exe.embed.manifest.res" Debug\Translatie_manifest.rc 
       Link:
         C:\Program Files (x86)\Microsoft Visual Studio 10.0\VC\bin\link.exe /ERRORREPORT:PROMPT /OUT:"J:\Facultate\Anul II\Sem 2\Imagini vizuale\Tema 3 - Translatie\Translatie\Debug\Translatie.exe" /INCREMENTAL /NOLOGO /MANIFEST /ManifestFile:"Debug\Translatie.exe.intermediate.manifest" /MANIFESTUAC:"level='asInvoker' uiAccess='false'" /DEBUG /PDB:"J:\Facultate\Anul II\Sem 2\Imagini vizuale\Tema 3 - Translatie\Translatie\Debug\Translatie.pdb" /SUBSYSTEM:WINDOWS /TLBID:1 /DYNAMICBASE /NXCOMPAT /IMPLIB:"J:\Facultate\Anul II\Sem 2\Imagini vizuale\Tema 3 - Translatie\Translatie\Debug\Translatie.lib" /MACHINE:X86 Debug\Translatie.res
         Debug\Translatie.exe.embed.manifest.res
         Debug\stdafx.obj
         Debug\Translatie.obj
         Debug\TranslatieDlg.obj
       Manifest:
         C:\Program Files (x86)\Microsoft SDKs\Windows\v7.0A\bin\mt.exe /nologo /verbose /out:"Debug\Translatie.exe.embed.manifest" /manifest Debug\Translatie.exe.intermediate.manifest "C:\Program Files (x86)\Microsoft Visual Studio 10.0\VC\Include\Manifest\dpiaware.manifest"
         C:\Program Files (x86)\Microsoft SDKs\Windows\v7.0A\bin\rc.exe /nologo /fo"Debug\Translatie.exe.embed.manifest.res" Debug\Translatie_manifest.rc 
       LinkEmbedManifest:
         C:\Program Files (x86)\Microsoft Visual Studio 10.0\VC\bin\link.exe /ERRORREPORT:PROMPT /OUT:"J:\Facultate\Anul II\Sem 2\Imagini vizuale\Tema 3 - Translatie\Translatie\Debug\Translatie.exe" /INCREMENTAL /NOLOGO /MANIFEST /ManifestFile:"Debug\Translatie.exe.intermediate.manifest" /MANIFESTUAC:"level='asInvoker' uiAccess='false'" /DEBUG /PDB:"J:\Facultate\Anul II\Sem 2\Imagini vizuale\Tema 3 - Translatie\Translatie\Debug\Translatie.pdb" /SUBSYSTEM:WINDOWS /TLBID:1 /DYNAMICBASE /NXCOMPAT /IMPLIB:"J:\Facultate\Anul II\Sem 2\Imagini vizuale\Tema 3 - Translatie\Translatie\Debug\Translatie.lib" /MACHINE:X86 Debug\Translatie.res
         Debug\Translatie.exe.embed.manifest.res
         Debug\stdafx.obj
         Debug\Translatie.obj
         Debug\TranslatieDlg.obj
         Translatie.vcxproj -> J:\Facultate\Anul II\Sem 2\Imagini vizuale\Tema 3 - Translatie\Translatie\Debug\Translatie.exe
       FinalizeBuildStatus:
         Deleting file "Debug\Translatie.unsuccessfulbuild".
         Touching "Debug\Translatie.lastbuildstate".
     1>Done Building Project "J:\Facultate\Anul II\Sem 2\Imagini vizuale\Tema 3 - Translatie\Translatie\Translatie\Translatie.vcxproj" (build target(s)).

Build succeeded.

Time Elapsed 00:00:15.55
