Build started 5/27/2011 11:26:50 AM.
     1>Project "E:\Programare procedurala\sem2\POO\Programe carte\Pointerul 'this'\Pointerul 'this'\Pointerul 'this'.vcxproj" on node 2 (build target(s)).
     1>InitializeBuildStatus:
         Creating "Debug\Pointerul 'this'.unsuccessfulbuild" because "AlwaysCreate" was specified.
       ClCompile:
         All outputs are up-to-date.
         C:\Program Files (x86)\Microsoft Visual Studio 10.0\VC\bin\CL.exe /c /ZI /nologo /W3 /WX- /Od /Oy- /D WIN32 /D _DEBUG /D _CONSOLE /D _UNICODE /D UNICODE /Gm /EHsc /RTC1 /MDd /GS /fp:precise /Zc:wchar_t /Zc:forScope /Yu"StdAfx.h" /Fp"Debug\Pointerul 'this'.pch" /Fo"Debug\\" /Fd"Debug\vc100.pdb" /Gd /TP /analyze- /errorReport:prompt "Pointerul 'this'.cpp"
         Pointerul 'this'.cpp
     1>e:\programare procedurala\sem2\poo\programe carte\pointerul 'this'\pointerul 'this'\pointerul 'this'.cpp(218): warning C4996: 'getch': The POSIX name for this item is deprecated. Instead, use the ISO C++ conformant name: _getch. See online help for details.
                 c:\program files (x86)\microsoft visual studio 10.0\vc\include\conio.h(128) : see declaration of 'getch'
       ManifestResourceCompile:
         All outputs are up-to-date.
       Link:
         C:\Program Files (x86)\Microsoft Visual Studio 10.0\VC\bin\link.exe /ERRORREPORT:PROMPT /OUT:"E:\Programare procedurala\sem2\POO\Programe carte\Pointerul 'this'\Debug\Pointerul 'this'.exe" /INCREMENTAL /NOLOGO kernel32.lib user32.lib gdi32.lib winspool.lib comdlg32.lib advapi32.lib shell32.lib ole32.lib oleaut32.lib uuid.lib odbc32.lib odbccp32.lib /MANIFEST /ManifestFile:"Debug\Pointerul 'this'.exe.intermediate.manifest" /MANIFESTUAC:"level='asInvoker' uiAccess='false'" /DEBUG /PDB:"E:\Programare procedurala\sem2\POO\Programe carte\Pointerul 'this'\Debug\Pointerul 'this'.pdb" /SUBSYSTEM:CONSOLE /TLBID:1 /DYNAMICBASE /NXCOMPAT /IMPLIB:"E:\Programare procedurala\sem2\POO\Programe carte\Pointerul 'this'\Debug\Pointerul 'this'.lib" /MACHINE:X86 "Debug\Pointerul 'this'.exe.embed.manifest.res"
         "Debug\Pointerul 'this'.obj"
         Debug\stdafx.obj
       Manifest:
         C:\Program Files (x86)\Microsoft SDKs\Windows\v7.0A\bin\mt.exe /nologo /verbose /out:"Debug\Pointerul 'this'.exe.embed.manifest" /manifest "Debug\Pointerul 'this'.exe.intermediate.manifest"
         All outputs are up-to-date.
       LinkEmbedManifest:
         All outputs are up-to-date.
         Pointerul 'this'.vcxproj -> E:\Programare procedurala\sem2\POO\Programe carte\Pointerul 'this'\Debug\Pointerul 'this'.exe
       FinalizeBuildStatus:
         Deleting file "Debug\Pointerul 'this'.unsuccessfulbuild".
         Touching "Debug\Pointerul 'this'.lastbuildstate".
     1>Done Building Project "E:\Programare procedurala\sem2\POO\Programe carte\Pointerul 'this'\Pointerul 'this'\Pointerul 'this'.vcxproj" (build target(s)).

Build succeeded.

Time Elapsed 00:00:00.64
