Build started 5/26/2011 2:56:25 PM.
     1>Project "E:\Programare procedurala\sem2\POO\Programe carte\Operati nr. complexe - clase_2\Operati nr. complexe - clase_2\Operati nr. complexe - clase_2.vcxproj" on node 2 (build target(s)).
     1>InitializeBuildStatus:
         Touching "Debug\Operati nr. complexe - clase_2.unsuccessfulbuild".
       ClCompile:
         All outputs are up-to-date.
         C:\Program Files (x86)\Microsoft Visual Studio 10.0\VC\bin\CL.exe /c /ZI /nologo /W3 /WX- /Od /Oy- /D WIN32 /D _DEBUG /D _CONSOLE /D _UNICODE /D UNICODE /Gm /EHsc /RTC1 /MDd /GS /fp:precise /Zc:wchar_t /Zc:forScope /Yu"StdAfx.h" /Fp"Debug\Operati nr. complexe - clase_2.pch" /Fo"Debug\\" /Fd"Debug\vc100.pdb" /Gd /TP /analyze- /errorReport:prompt "Operati nr. complexe - clase_2.cpp"
         Operati nr. complexe - clase_2.cpp
     1>e:\programare procedurala\sem2\poo\programe carte\operati nr. complexe - clase_2\operati nr. complexe - clase_2\operati nr. complexe - clase_2.cpp(79): warning C4305: 'argument' : truncation from 'double' to 'float'
       ManifestResourceCompile:
         C:\Program Files (x86)\Microsoft SDKs\Windows\v7.0A\bin\rc.exe /nologo /fo"Debug\Operati nr. complexe - clase_2.exe.embed.manifest.res" "Debug\Operati nr. complexe - clase_2_manifest.rc" 
       Link:
         C:\Program Files (x86)\Microsoft Visual Studio 10.0\VC\bin\link.exe /ERRORREPORT:PROMPT /OUT:"E:\Programare procedurala\sem2\POO\Programe carte\Operati nr. complexe - clase_2\Debug\Operati nr. complexe - clase_2.exe" /INCREMENTAL /NOLOGO kernel32.lib user32.lib gdi32.lib winspool.lib comdlg32.lib advapi32.lib shell32.lib ole32.lib oleaut32.lib uuid.lib odbc32.lib odbccp32.lib /MANIFEST /ManifestFile:"Debug\Operati nr. complexe - clase_2.exe.intermediate.manifest" /MANIFESTUAC:"level='asInvoker' uiAccess='false'" /DEBUG /PDB:"E:\Programare procedurala\sem2\POO\Programe carte\Operati nr. complexe - clase_2\Debug\Operati nr. complexe - clase_2.pdb" /SUBSYSTEM:CONSOLE /TLBID:1 /DYNAMICBASE /NXCOMPAT /IMPLIB:"E:\Programare procedurala\sem2\POO\Programe carte\Operati nr. complexe - clase_2\Debug\Operati nr. complexe - clase_2.lib" /MACHINE:X86 "Debug\Operati nr. complexe - clase_2.exe.embed.manifest.res"
         "Debug\Operati nr. complexe - clase_2.obj"
         Debug\stdafx.obj
       Manifest:
         C:\Program Files (x86)\Microsoft SDKs\Windows\v7.0A\bin\mt.exe /nologo /verbose /out:"Debug\Operati nr. complexe - clase_2.exe.embed.manifest" /manifest "Debug\Operati nr. complexe - clase_2.exe.intermediate.manifest"
         C:\Program Files (x86)\Microsoft SDKs\Windows\v7.0A\bin\rc.exe /nologo /fo"Debug\Operati nr. complexe - clase_2.exe.embed.manifest.res" "Debug\Operati nr. complexe - clase_2_manifest.rc" 
       LinkEmbedManifest:
         C:\Program Files (x86)\Microsoft Visual Studio 10.0\VC\bin\link.exe /ERRORREPORT:PROMPT /OUT:"E:\Programare procedurala\sem2\POO\Programe carte\Operati nr. complexe - clase_2\Debug\Operati nr. complexe - clase_2.exe" /INCREMENTAL /NOLOGO kernel32.lib user32.lib gdi32.lib winspool.lib comdlg32.lib advapi32.lib shell32.lib ole32.lib oleaut32.lib uuid.lib odbc32.lib odbccp32.lib /MANIFEST /ManifestFile:"Debug\Operati nr. complexe - clase_2.exe.intermediate.manifest" /MANIFESTUAC:"level='asInvoker' uiAccess='false'" /DEBUG /PDB:"E:\Programare procedurala\sem2\POO\Programe carte\Operati nr. complexe - clase_2\Debug\Operati nr. complexe - clase_2.pdb" /SUBSYSTEM:CONSOLE /TLBID:1 /DYNAMICBASE /NXCOMPAT /IMPLIB:"E:\Programare procedurala\sem2\POO\Programe carte\Operati nr. complexe - clase_2\Debug\Operati nr. complexe - clase_2.lib" /MACHINE:X86 "Debug\Operati nr. complexe - clase_2.exe.embed.manifest.res"
         "Debug\Operati nr. complexe - clase_2.obj"
         Debug\stdafx.obj
         Operati nr. complexe - clase_2.vcxproj -> E:\Programare procedurala\sem2\POO\Programe carte\Operati nr. complexe - clase_2\Debug\Operati nr. complexe - clase_2.exe
       FinalizeBuildStatus:
         Deleting file "Debug\Operati nr. complexe - clase_2.unsuccessfulbuild".
         Touching "Debug\Operati nr. complexe - clase_2.lastbuildstate".
     1>Done Building Project "E:\Programare procedurala\sem2\POO\Programe carte\Operati nr. complexe - clase_2\Operati nr. complexe - clase_2\Operati nr. complexe - clase_2.vcxproj" (build target(s)).

Build succeeded.

Time Elapsed 00:00:01.65
