Build started 4/14/2011 1:36:29 PM.
     1>Project "E:\Programare procedurala\sem2\problema3_matrice_subdiagonala\problema3_matrice_subdiagonala\problema3_matrice_subdiagonala.vcxproj" on node 2 (build target(s)).
     1>InitializeBuildStatus:
         Creating "Debug\problema3_matrice_subdiagonala.unsuccessfulbuild" because "AlwaysCreate" was specified.
       ClCompile:
         All outputs are up-to-date.
         C:\Program Files (x86)\Microsoft Visual Studio 10.0\VC\bin\CL.exe /c /ZI /nologo /W3 /WX- /Od /Oy- /D WIN32 /D _DEBUG /D _CONSOLE /D _UNICODE /D UNICODE /Gm /EHsc /RTC1 /MDd /GS /fp:precise /Zc:wchar_t /Zc:forScope /Yu"StdAfx.h" /Fp"Debug\problema3_matrice_subdiagonala.pch" /Fo"Debug\\" /Fd"Debug\vc100.pdb" /Gd /TP /analyze- /errorReport:prompt problema3_matrice_subdiagonala.cpp
         problema3_matrice_subdiagonala.cpp
     1>e:\programare procedurala\sem2\problema3_matrice_subdiagonala\problema3_matrice_subdiagonala\problema3_matrice_subdiagonala.cpp(58): warning C4996: 'getch': The POSIX name for this item is deprecated. Instead, use the ISO C++ conformant name: _getch. See online help for details.
                 c:\program files (x86)\microsoft visual studio 10.0\vc\include\conio.h(128) : see declaration of 'getch'
     1>e:\programare procedurala\sem2\problema3_matrice_subdiagonala\problema3_matrice_subdiagonala\problema3_matrice_subdiagonala.cpp(168): warning C4996: 'getch': The POSIX name for this item is deprecated. Instead, use the ISO C++ conformant name: _getch. See online help for details.
                 c:\program files (x86)\microsoft visual studio 10.0\vc\include\conio.h(128) : see declaration of 'getch'
     1>e:\programare procedurala\sem2\problema3_matrice_subdiagonala\problema3_matrice_subdiagonala\problema3_matrice_subdiagonala.cpp(184): warning C4996: 'getch': The POSIX name for this item is deprecated. Instead, use the ISO C++ conformant name: _getch. See online help for details.
                 c:\program files (x86)\microsoft visual studio 10.0\vc\include\conio.h(128) : see declaration of 'getch'
     1>e:\programare procedurala\sem2\problema3_matrice_subdiagonala\problema3_matrice_subdiagonala\problema3_matrice_subdiagonala.cpp(203): warning C4996: 'getch': The POSIX name for this item is deprecated. Instead, use the ISO C++ conformant name: _getch. See online help for details.
                 c:\program files (x86)\microsoft visual studio 10.0\vc\include\conio.h(128) : see declaration of 'getch'
       ManifestResourceCompile:
         All outputs are up-to-date.
       Link:
         C:\Program Files (x86)\Microsoft Visual Studio 10.0\VC\bin\link.exe /ERRORREPORT:PROMPT /OUT:"E:\Programare procedurala\sem2\problema3_matrice_subdiagonala\Debug\problema3_matrice_subdiagonala.exe" /INCREMENTAL /NOLOGO kernel32.lib user32.lib gdi32.lib winspool.lib comdlg32.lib advapi32.lib shell32.lib ole32.lib oleaut32.lib uuid.lib odbc32.lib odbccp32.lib /MANIFEST /ManifestFile:"Debug\problema3_matrice_subdiagonala.exe.intermediate.manifest" /MANIFESTUAC:"level='asInvoker' uiAccess='false'" /DEBUG /PDB:"E:\Programare procedurala\sem2\problema3_matrice_subdiagonala\Debug\problema3_matrice_subdiagonala.pdb" /SUBSYSTEM:CONSOLE /TLBID:1 /DYNAMICBASE /NXCOMPAT /IMPLIB:"E:\Programare procedurala\sem2\problema3_matrice_subdiagonala\Debug\problema3_matrice_subdiagonala.lib" /MACHINE:X86 Debug\problema3_matrice_subdiagonala.exe.embed.manifest.res
         Debug\problema3_matrice_subdiagonala.obj
         Debug\stdafx.obj
       Manifest:
         C:\Program Files (x86)\Microsoft SDKs\Windows\v7.0A\bin\mt.exe /nologo /verbose /out:"Debug\problema3_matrice_subdiagonala.exe.embed.manifest" /manifest Debug\problema3_matrice_subdiagonala.exe.intermediate.manifest
         All outputs are up-to-date.
       LinkEmbedManifest:
         All outputs are up-to-date.
         problema3_matrice_subdiagonala.vcxproj -> E:\Programare procedurala\sem2\problema3_matrice_subdiagonala\Debug\problema3_matrice_subdiagonala.exe
       FinalizeBuildStatus:
         Deleting file "Debug\problema3_matrice_subdiagonala.unsuccessfulbuild".
         Touching "Debug\problema3_matrice_subdiagonala.lastbuildstate".
     1>Done Building Project "E:\Programare procedurala\sem2\problema3_matrice_subdiagonala\problema3_matrice_subdiagonala\problema3_matrice_subdiagonala.vcxproj" (build target(s)).

Build succeeded.

Time Elapsed 00:00:00.61
