Build started 5/25/2011 11:33:44 AM.
     1>Project "E:\Programare procedurala\sem2\POO\Clase.Constructori.Destructori.F membre\Clase.Constructori.Destructori.F membre\Clase.Constructori.Destructori.F membre.vcxproj" on node 2 (build target(s)).
     1>InitializeBuildStatus:
         Touching "Debug\Clase.Constructori.Destructori.F membre.unsuccessfulbuild".
       ClCompile:
         All outputs are up-to-date.
         C:\Program Files (x86)\Microsoft Visual Studio 10.0\VC\bin\CL.exe /c /ZI /nologo /W3 /WX- /Od /Oy- /D WIN32 /D _DEBUG /D _CONSOLE /D _UNICODE /D UNICODE /Gm /EHsc /RTC1 /MDd /GS /fp:precise /Zc:wchar_t /Zc:forScope /Yu"StdAfx.h" /Fp"Debug\Clase.Constructori.Destructori.F membre.pch" /Fo"Debug\\" /Fd"Debug\vc100.pdb" /Gd /TP /analyze- /errorReport:prompt "Clase.Constructori.Destructori.F membre.cpp"
         Clase.Constructori.Destructori.F membre.cpp
     1>e:\programare procedurala\sem2\poo\clase.constructori.destructori.f membre\clase.constructori.destructori.f membre\clase.constructori.destructori.f membre.cpp(44): warning C4996: 'getch': The POSIX name for this item is deprecated. Instead, use the ISO C++ conformant name: _getch. See online help for details.
                 c:\program files (x86)\microsoft visual studio 10.0\vc\include\conio.h(128) : see declaration of 'getch'
       ManifestResourceCompile:
         All outputs are up-to-date.
       Link:
         C:\Program Files (x86)\Microsoft Visual Studio 10.0\VC\bin\link.exe /ERRORREPORT:PROMPT /OUT:"E:\Programare procedurala\sem2\POO\Clase.Constructori.Destructori.F membre\Debug\Clase.Constructori.Destructori.F membre.exe" /INCREMENTAL /NOLOGO kernel32.lib user32.lib gdi32.lib winspool.lib comdlg32.lib advapi32.lib shell32.lib ole32.lib oleaut32.lib uuid.lib odbc32.lib odbccp32.lib /MANIFEST /ManifestFile:"Debug\Clase.Constructori.Destructori.F membre.exe.intermediate.manifest" /MANIFESTUAC:"level='asInvoker' uiAccess='false'" /DEBUG /PDB:"E:\Programare procedurala\sem2\POO\Clase.Constructori.Destructori.F membre\Debug\Clase.Constructori.Destructori.F membre.pdb" /SUBSYSTEM:CONSOLE /TLBID:1 /DYNAMICBASE /NXCOMPAT /IMPLIB:"E:\Programare procedurala\sem2\POO\Clase.Constructori.Destructori.F membre\Debug\Clase.Constructori.Destructori.F membre.lib" /MACHINE:X86 "Debug\Clase.Constructori.Destructori.F membre.exe.embed.manifest.res"
         "Debug\Clase.Constructori.Destructori.F membre.obj"
         Debug\stdafx.obj
       Manifest:
         C:\Program Files (x86)\Microsoft SDKs\Windows\v7.0A\bin\mt.exe /nologo /verbose /out:"Debug\Clase.Constructori.Destructori.F membre.exe.embed.manifest" /manifest "Debug\Clase.Constructori.Destructori.F membre.exe.intermediate.manifest"
         All outputs are up-to-date.
       LinkEmbedManifest:
         All outputs are up-to-date.
         Clase.Constructori.Destructori.F membre.vcxproj -> E:\Programare procedurala\sem2\POO\Clase.Constructori.Destructori.F membre\Debug\Clase.Constructori.Destructori.F membre.exe
       FinalizeBuildStatus:
         Deleting file "Debug\Clase.Constructori.Destructori.F membre.unsuccessfulbuild".
         Touching "Debug\Clase.Constructori.Destructori.F membre.lastbuildstate".
     1>Done Building Project "E:\Programare procedurala\sem2\POO\Clase.Constructori.Destructori.F membre\Clase.Constructori.Destructori.F membre\Clase.Constructori.Destructori.F membre.vcxproj" (build target(s)).

Build succeeded.

Time Elapsed 00:00:00.64
