Build started 5/25/2011 12:16:04 PM.
     1>Project "E:\Programare procedurala\sem2\POO\Programe carte\Functii prietene unei clase\Functii prietene unei clase\Functii prietene unei clase.vcxproj" on node 2 (build target(s)).
     1>InitializeBuildStatus:
         Creating "Debug\Functii prietene unei clase.unsuccessfulbuild" because "AlwaysCreate" was specified.
       ClCompile:
         All outputs are up-to-date.
         C:\Program Files (x86)\Microsoft Visual Studio 10.0\VC\bin\CL.exe /c /ZI /nologo /W3 /WX- /Od /Oy- /D WIN32 /D _DEBUG /D _CONSOLE /D _UNICODE /D UNICODE /Gm /EHsc /RTC1 /MDd /GS /fp:precise /Zc:wchar_t /Zc:forScope /Yu"StdAfx.h" /Fp"Debug\Functii prietene unei clase.pch" /Fo"Debug\\" /Fd"Debug\vc100.pdb" /Gd /TP /analyze- /errorReport:prompt "Functii prietene unei clase.cpp"
         Functii prietene unei clase.cpp
     1>e:\programare procedurala\sem2\poo\programe carte\functii prietene unei clase\functii prietene unei clase\functii prietene unei clase.cpp(49): warning C4996: 'getch': The POSIX name for this item is deprecated. Instead, use the ISO C++ conformant name: _getch. See online help for details.
                 c:\program files (x86)\microsoft visual studio 10.0\vc\include\conio.h(128) : see declaration of 'getch'
       ManifestResourceCompile:
         All outputs are up-to-date.
       Link:
         C:\Program Files (x86)\Microsoft Visual Studio 10.0\VC\bin\link.exe /ERRORREPORT:PROMPT /OUT:"E:\Programare procedurala\sem2\POO\Programe carte\Functii prietene unei clase\Debug\Functii prietene unei clase.exe" /INCREMENTAL /NOLOGO kernel32.lib user32.lib gdi32.lib winspool.lib comdlg32.lib advapi32.lib shell32.lib ole32.lib oleaut32.lib uuid.lib odbc32.lib odbccp32.lib /MANIFEST /ManifestFile:"Debug\Functii prietene unei clase.exe.intermediate.manifest" /MANIFESTUAC:"level='asInvoker' uiAccess='false'" /DEBUG /PDB:"E:\Programare procedurala\sem2\POO\Programe carte\Functii prietene unei clase\Debug\Functii prietene unei clase.pdb" /SUBSYSTEM:CONSOLE /TLBID:1 /DYNAMICBASE /NXCOMPAT /IMPLIB:"E:\Programare procedurala\sem2\POO\Programe carte\Functii prietene unei clase\Debug\Functii prietene unei clase.lib" /MACHINE:X86 "Debug\Functii prietene unei clase.exe.embed.manifest.res"
         "Debug\Functii prietene unei clase.obj"
         Debug\stdafx.obj
       Manifest:
         C:\Program Files (x86)\Microsoft SDKs\Windows\v7.0A\bin\mt.exe /nologo /verbose /out:"Debug\Functii prietene unei clase.exe.embed.manifest" /manifest "Debug\Functii prietene unei clase.exe.intermediate.manifest"
         All outputs are up-to-date.
       LinkEmbedManifest:
         All outputs are up-to-date.
         Functii prietene unei clase.vcxproj -> E:\Programare procedurala\sem2\POO\Programe carte\Functii prietene unei clase\Debug\Functii prietene unei clase.exe
       FinalizeBuildStatus:
         Deleting file "Debug\Functii prietene unei clase.unsuccessfulbuild".
         Touching "Debug\Functii prietene unei clase.lastbuildstate".
     1>Done Building Project "E:\Programare procedurala\sem2\POO\Programe carte\Functii prietene unei clase\Functii prietene unei clase\Functii prietene unei clase.vcxproj" (build target(s)).

Build succeeded.

Time Elapsed 00:00:00.61
