Build started 5/9/2011 3:03:37 PM.
     1>Project "E:\Programare procedurala\sem2\POO\Tema M1U3 problema3\Tema M1U3 problema3\Tema M1U3 problema3.vcxproj" on node 2 (build target(s)).
     1>InitializeBuildStatus:
         Creating "Debug\Tema M1U3 problema3.unsuccessfulbuild" because "AlwaysCreate" was specified.
       ClCompile:
         All outputs are up-to-date.
         C:\Program Files (x86)\Microsoft Visual Studio 10.0\VC\bin\CL.exe /c /ZI /nologo /W3 /WX- /Od /Oy- /D WIN32 /D _DEBUG /D _CONSOLE /D _UNICODE /D UNICODE /Gm /EHsc /RTC1 /MDd /GS /fp:precise /Zc:wchar_t /Zc:forScope /Yu"StdAfx.h" /Fp"Debug\Tema M1U3 problema3.pch" /Fo"Debug\\" /Fd"Debug\vc100.pdb" /Gd /TP /analyze- /errorReport:prompt "Tema M1U3 problema3.cpp"
         Tema M1U3 problema3.cpp
     1>e:\programare procedurala\sem2\poo\tema m1u3 problema3\tema m1u3 problema3\tema m1u3 problema3.cpp(171): warning C4996: 'getch': The POSIX name for this item is deprecated. Instead, use the ISO C++ conformant name: _getch. See online help for details.
                 c:\program files (x86)\microsoft visual studio 10.0\vc\include\conio.h(128) : see declaration of 'getch'
     1>e:\programare procedurala\sem2\poo\tema m1u3 problema3\tema m1u3 problema3\tema m1u3 problema3.cpp(191): warning C4996: 'gets': This function or variable may be unsafe. Consider using gets_s instead. To disable deprecation, use _CRT_SECURE_NO_WARNINGS. See online help for details.
                 c:\program files (x86)\microsoft visual studio 10.0\vc\include\stdio.h(277) : see declaration of 'gets'
     1>e:\programare procedurala\sem2\poo\tema m1u3 problema3\tema m1u3 problema3\tema m1u3 problema3.cpp(200): warning C4996: 'gets': This function or variable may be unsafe. Consider using gets_s instead. To disable deprecation, use _CRT_SECURE_NO_WARNINGS. See online help for details.
                 c:\program files (x86)\microsoft visual studio 10.0\vc\include\stdio.h(277) : see declaration of 'gets'
     1>e:\programare procedurala\sem2\poo\tema m1u3 problema3\tema m1u3 problema3\tema m1u3 problema3.cpp(268): warning C4244: 'initializing' : conversion from 'float' to 'unsigned int', possible loss of data
     1>e:\programare procedurala\sem2\poo\tema m1u3 problema3\tema m1u3 problema3\tema m1u3 problema3.cpp(270): warning C4244: 'initializing' : conversion from 'float' to 'unsigned int', possible loss of data
     1>e:\programare procedurala\sem2\poo\tema m1u3 problema3\tema m1u3 problema3\tema m1u3 problema3.cpp(282): warning C4244: 'initializing' : conversion from 'float' to 'unsigned int', possible loss of data
     1>e:\programare procedurala\sem2\poo\tema m1u3 problema3\tema m1u3 problema3\tema m1u3 problema3.cpp(284): warning C4244: 'initializing' : conversion from 'float' to 'unsigned int', possible loss of data
     1>e:\programare procedurala\sem2\poo\tema m1u3 problema3\tema m1u3 problema3\tema m1u3 problema3.cpp(383): warning C4996: 'getch': The POSIX name for this item is deprecated. Instead, use the ISO C++ conformant name: _getch. See online help for details.
                 c:\program files (x86)\microsoft visual studio 10.0\vc\include\conio.h(128) : see declaration of 'getch'
     1>e:\programare procedurala\sem2\poo\tema m1u3 problema3\tema m1u3 problema3\tema m1u3 problema3.cpp(34): warning C4018: '<' : signed/unsigned mismatch
                 e:\programare procedurala\sem2\poo\tema m1u3 problema3\tema m1u3 problema3\tema m1u3 problema3.cpp(192) : see reference to function template instantiation 'T maxim_elemente<char>(T *)' being compiled
                 with
                 [
                     T=char
                 ]
     1>e:\programare procedurala\sem2\poo\tema m1u3 problema3\tema m1u3 problema3\tema m1u3 problema3.cpp(45): warning C4018: '<' : signed/unsigned mismatch
                 e:\programare procedurala\sem2\poo\tema m1u3 problema3\tema m1u3 problema3\tema m1u3 problema3.cpp(203) : see reference to function template instantiation 'T cautare_secventiala<char>(T *,T)' being compiled
                 with
                 [
                     T=char
                 ]
     1>e:\programare procedurala\sem2\poo\tema m1u3 problema3\tema m1u3 problema3\tema m1u3 problema3.cpp(109): warning C4244: 'initializing' : conversion from 'float' to 'unsigned int', possible loss of data
                 e:\programare procedurala\sem2\poo\tema m1u3 problema3\tema m1u3 problema3\tema m1u3 problema3.cpp(314) : see reference to function template instantiation 'void produs_matrice<float>(T,T,T **,T,T,T **)' being compiled
                 with
                 [
                     T=float
                 ]
     1>e:\programare procedurala\sem2\poo\tema m1u3 problema3\tema m1u3 problema3\tema m1u3 problema3.cpp(111): warning C4244: 'initializing' : conversion from 'float' to 'unsigned int', possible loss of data
       ManifestResourceCompile:
         All outputs are up-to-date.
       Link:
         C:\Program Files (x86)\Microsoft Visual Studio 10.0\VC\bin\link.exe /ERRORREPORT:PROMPT /OUT:"E:\Programare procedurala\sem2\POO\Tema M1U3 problema3\Debug\Tema M1U3 problema3.exe" /INCREMENTAL /NOLOGO kernel32.lib user32.lib gdi32.lib winspool.lib comdlg32.lib advapi32.lib shell32.lib ole32.lib oleaut32.lib uuid.lib odbc32.lib odbccp32.lib /MANIFEST /ManifestFile:"Debug\Tema M1U3 problema3.exe.intermediate.manifest" /MANIFESTUAC:"level='asInvoker' uiAccess='false'" /DEBUG /PDB:"E:\Programare procedurala\sem2\POO\Tema M1U3 problema3\Debug\Tema M1U3 problema3.pdb" /SUBSYSTEM:CONSOLE /TLBID:1 /DYNAMICBASE /NXCOMPAT /IMPLIB:"E:\Programare procedurala\sem2\POO\Tema M1U3 problema3\Debug\Tema M1U3 problema3.lib" /MACHINE:X86 "Debug\Tema M1U3 problema3.exe.embed.manifest.res"
         Debug\stdafx.obj
         "Debug\Tema M1U3 problema3.obj"
       Manifest:
         C:\Program Files (x86)\Microsoft SDKs\Windows\v7.0A\bin\mt.exe /nologo /verbose /out:"Debug\Tema M1U3 problema3.exe.embed.manifest" /manifest "Debug\Tema M1U3 problema3.exe.intermediate.manifest"
         All outputs are up-to-date.
       LinkEmbedManifest:
         All outputs are up-to-date.
         Tema M1U3 problema3.vcxproj -> E:\Programare procedurala\sem2\POO\Tema M1U3 problema3\Debug\Tema M1U3 problema3.exe
       FinalizeBuildStatus:
         Deleting file "Debug\Tema M1U3 problema3.unsuccessfulbuild".
         Touching "Debug\Tema M1U3 problema3.lastbuildstate".
     1>Done Building Project "E:\Programare procedurala\sem2\POO\Tema M1U3 problema3\Tema M1U3 problema3\Tema M1U3 problema3.vcxproj" (build target(s)).

Build succeeded.

Time Elapsed 00:00:01.10
