Build started 3/17/2012 4:15:15 PM.
     1>Project "J:\Facultate\Anul II\Sem 2\Imagini vizuale\Laborator 1 tema 2\Laborator 1 tema 2\Laborator 1 tema 2.vcxproj" on node 2 (build target(s)).
     1>InitializeBuildStatus:
         Creating "Debug\Laborator 1 tema 2.unsuccessfulbuild" because "AlwaysCreate" was specified.
       ClCompile:
         Deleting file "Debug\Laborator 1 tema 2.pch".
         C:\Program Files (x86)\Microsoft Visual Studio 10.0\VC\bin\CL.exe /c /ZI /nologo /W3 /WX- /Od /Oy- /D WIN32 /D _WINDOWS /D _DEBUG /D _MBCS /D _AFXDLL /Gm /EHsc /RTC1 /MDd /GS /fp:precise /Zc:wchar_t /Zc:forScope /Yc"StdAfx.h" /Fp"Debug\Laborator 1 tema 2.pch" /Fo"Debug\\" /Fd"Debug\vc100.pdb" /Gd /TP /analyze- /errorReport:prompt stdafx.cpp
         stdafx.cpp
         C:\Program Files (x86)\Microsoft Visual Studio 10.0\VC\bin\CL.exe /c /ZI /nologo /W3 /WX- /Od /Oy- /D WIN32 /D _WINDOWS /D _DEBUG /D _MBCS /D _AFXDLL /Gm /EHsc /RTC1 /MDd /GS /fp:precise /Zc:wchar_t /Zc:forScope /Yu"StdAfx.h" /Fp"Debug\Laborator 1 tema 2.pch" /Fo"Debug\\" /Fd"Debug\vc100.pdb" /Gd /TP /analyze- /errorReport:prompt "Laborator 1 tema 2.cpp" "Laborator 1 tema 2Dlg.cpp"
         Laborator 1 tema 2Dlg.cpp
     1>j:\facultate\anul ii\sem 2\imagini vizuale\laborator 1 tema 2\laborator 1 tema 2\laborator 1 tema 2dlg.cpp(118): warning C4244: 'argument' : conversion from 'time_t' to 'unsigned int', possible loss of data
         Laborator 1 tema 2.cpp
         Generating Code...
       ResourceCompile:
         C:\Program Files (x86)\Microsoft SDKs\Windows\v7.0A\bin\rc.exe /D _DEBUG /D _AFXDLL /l"0x0409" /IDebug\ /nologo /fo"Debug\Laborator 1 tema 2.res" "Laborator 1 tema 2.rc" 
       ManifestResourceCompile:
         C:\Program Files (x86)\Microsoft SDKs\Windows\v7.0A\bin\rc.exe /nologo /fo"Debug\Laborator 1 tema 2.exe.embed.manifest.res" "Debug\Laborator 1 tema 2_manifest.rc" 
       Link:
         C:\Program Files (x86)\Microsoft Visual Studio 10.0\VC\bin\link.exe /ERRORREPORT:PROMPT /OUT:"J:\Facultate\Anul II\Sem 2\Imagini vizuale\Laborator 1 tema 2\Debug\Laborator 1 tema 2.exe" /INCREMENTAL /NOLOGO /MANIFEST /ManifestFile:"Debug\Laborator 1 tema 2.exe.intermediate.manifest" /MANIFESTUAC:"level='asInvoker' uiAccess='false'" /DEBUG /PDB:"J:\Facultate\Anul II\Sem 2\Imagini vizuale\Laborator 1 tema 2\Debug\Laborator 1 tema 2.pdb" /SUBSYSTEM:WINDOWS /TLBID:1 /DYNAMICBASE /NXCOMPAT /IMPLIB:"J:\Facultate\Anul II\Sem 2\Imagini vizuale\Laborator 1 tema 2\Debug\Laborator 1 tema 2.lib" /MACHINE:X86 "Debug\Laborator 1 tema 2.res"
         "Debug\Laborator 1 tema 2.exe.embed.manifest.res"
         "Debug\Laborator 1 tema 2.obj"
         "Debug\Laborator 1 tema 2Dlg.obj"
         Debug\stdafx.obj
       Manifest:
         C:\Program Files (x86)\Microsoft SDKs\Windows\v7.0A\bin\mt.exe /nologo /verbose /out:"Debug\Laborator 1 tema 2.exe.embed.manifest" /manifest "Debug\Laborator 1 tema 2.exe.intermediate.manifest" "C:\Program Files (x86)\Microsoft Visual Studio 10.0\VC\Include\Manifest\dpiaware.manifest"
         C:\Program Files (x86)\Microsoft SDKs\Windows\v7.0A\bin\rc.exe /nologo /fo"Debug\Laborator 1 tema 2.exe.embed.manifest.res" "Debug\Laborator 1 tema 2_manifest.rc" 
       LinkEmbedManifest:
         C:\Program Files (x86)\Microsoft Visual Studio 10.0\VC\bin\link.exe /ERRORREPORT:PROMPT /OUT:"J:\Facultate\Anul II\Sem 2\Imagini vizuale\Laborator 1 tema 2\Debug\Laborator 1 tema 2.exe" /INCREMENTAL /NOLOGO /MANIFEST /ManifestFile:"Debug\Laborator 1 tema 2.exe.intermediate.manifest" /MANIFESTUAC:"level='asInvoker' uiAccess='false'" /DEBUG /PDB:"J:\Facultate\Anul II\Sem 2\Imagini vizuale\Laborator 1 tema 2\Debug\Laborator 1 tema 2.pdb" /SUBSYSTEM:WINDOWS /TLBID:1 /DYNAMICBASE /NXCOMPAT /IMPLIB:"J:\Facultate\Anul II\Sem 2\Imagini vizuale\Laborator 1 tema 2\Debug\Laborator 1 tema 2.lib" /MACHINE:X86 "Debug\Laborator 1 tema 2.res"
         "Debug\Laborator 1 tema 2.exe.embed.manifest.res"
         "Debug\Laborator 1 tema 2.obj"
         "Debug\Laborator 1 tema 2Dlg.obj"
         Debug\stdafx.obj
         Laborator 1 tema 2.vcxproj -> J:\Facultate\Anul II\Sem 2\Imagini vizuale\Laborator 1 tema 2\Debug\Laborator 1 tema 2.exe
       FinalizeBuildStatus:
         Deleting file "Debug\Laborator 1 tema 2.unsuccessfulbuild".
         Touching "Debug\Laborator 1 tema 2.lastbuildstate".
     1>Done Building Project "J:\Facultate\Anul II\Sem 2\Imagini vizuale\Laborator 1 tema 2\Laborator 1 tema 2\Laborator 1 tema 2.vcxproj" (build target(s)).

Build succeeded.

Time Elapsed 00:00:18.09
